{"code":"ENOTFOUND","errno":-3008,"hostname":"redis","level":"error","message":"Redis connection error: getaddrinfo ENOTFOUND redis","service":"notification-service","stack":"Error: getaddrinfo ENOTFOUND redis\n    at GetAddrInfoReqWrap.onlookup [as oncomplete] (node:dns:109:26)","syscall":"getaddrinfo","timestamp":"2025-03-11 22:21:41"}
{"code":"ENOTFOUND","errno":-3008,"hostname":"redis","level":"error","message":"Redis connection error: getaddrinfo ENOTFOUND redis","service":"notification-service","stack":"Error: getaddrinfo ENOTFOUND redis\n    at GetAddrInfoReqWrap.onlookup [as oncomplete] (node:dns:109:26)","syscall":"getaddrinfo","timestamp":"2025-03-11 22:21:41"}
{"code":"ENOTFOUND","errno":-3008,"hostname":"redis","level":"error","message":"Redis connection error: getaddrinfo ENOTFOUND redis","service":"notification-service","stack":"Error: getaddrinfo ENOTFOUND redis\n    at GetAddrInfoReqWrap.onlookup [as oncomplete] (node:dns:109:26)","syscall":"getaddrinfo","timestamp":"2025-03-11 22:21:42"}
{"code":"ENOTFOUND","errno":-3008,"hostname":"redis","level":"error","message":"Redis connection error: getaddrinfo ENOTFOUND redis","service":"notification-service","stack":"Error: getaddrinfo ENOTFOUND redis\n    at GetAddrInfoReqWrap.onlookup [as oncomplete] (node:dns:109:26)","syscall":"getaddrinfo","timestamp":"2025-03-11 22:21:42"}
{"code":"ENOTFOUND","errno":-3008,"hostname":"redis","level":"error","message":"Redis connection error: getaddrinfo ENOTFOUND redis","service":"notification-service","stack":"Error: getaddrinfo ENOTFOUND redis\n    at GetAddrInfoReqWrap.onlookup [as oncomplete] (node:dns:109:26)","syscall":"getaddrinfo","timestamp":"2025-03-11 22:21:42"}
{"code":"ENOTFOUND","errno":-3008,"hostname":"redis","level":"error","message":"Redis connection error: getaddrinfo ENOTFOUND redis","service":"notification-service","stack":"Error: getaddrinfo ENOTFOUND redis\n    at GetAddrInfoReqWrap.onlookup [as oncomplete] (node:dns:109:26)","syscall":"getaddrinfo","timestamp":"2025-03-11 22:21:42"}
{"code":"ENOTFOUND","errno":-3008,"hostname":"redis","level":"error","message":"Redis connection error: getaddrinfo ENOTFOUND redis","service":"notification-service","stack":"Error: getaddrinfo ENOTFOUND redis\n    at GetAddrInfoReqWrap.onlookup [as oncomplete] (node:dns:109:26)","syscall":"getaddrinfo","timestamp":"2025-03-11 22:21:42"}
{"code":"ENOTFOUND","errno":-3008,"hostname":"redis","level":"error","message":"Redis connection error: getaddrinfo ENOTFOUND redis","service":"notification-service","stack":"Error: getaddrinfo ENOTFOUND redis\n    at GetAddrInfoReqWrap.onlookup [as oncomplete] (node:dns:109:26)","syscall":"getaddrinfo","timestamp":"2025-03-11 22:21:43"}
{"code":"ENOTFOUND","errno":-3008,"hostname":"redis","level":"error","message":"Redis connection error: getaddrinfo ENOTFOUND redis","service":"notification-service","stack":"Error: getaddrinfo ENOTFOUND redis\n    at GetAddrInfoReqWrap.onlookup [as oncomplete] (node:dns:109:26)","syscall":"getaddrinfo","timestamp":"2025-03-11 22:21:43"}
{"code":"ENOTFOUND","errno":-3008,"hostname":"redis","level":"error","message":"Redis connection error: getaddrinfo ENOTFOUND redis","service":"notification-service","stack":"Error: getaddrinfo ENOTFOUND redis\n    at GetAddrInfoReqWrap.onlookup [as oncomplete] (node:dns:109:26)","syscall":"getaddrinfo","timestamp":"2025-03-11 22:21:44"}
{"code":"ENOTFOUND","errno":-3008,"hostname":"redis","level":"error","message":"Redis connection error: getaddrinfo ENOTFOUND redis","service":"notification-service","stack":"Error: getaddrinfo ENOTFOUND redis\n    at GetAddrInfoReqWrap.onlookup [as oncomplete] (node:dns:109:26)","syscall":"getaddrinfo","timestamp":"2025-03-11 22:21:44"}
{"code":"ENOTFOUND","errno":-3008,"hostname":"redis","level":"error","message":"Redis connection error: getaddrinfo ENOTFOUND redis","service":"notification-service","stack":"Error: getaddrinfo ENOTFOUND redis\n    at GetAddrInfoReqWrap.onlookup [as oncomplete] (node:dns:109:26)","syscall":"getaddrinfo","timestamp":"2025-03-11 22:21:45"}
{"code":"ENOTFOUND","errno":-3008,"hostname":"redis","level":"error","message":"Redis connection error: getaddrinfo ENOTFOUND redis","service":"notification-service","stack":"Error: getaddrinfo ENOTFOUND redis\n    at GetAddrInfoReqWrap.onlookup [as oncomplete] (node:dns:109:26)","syscall":"getaddrinfo","timestamp":"2025-03-11 22:21:45"}
{"code":"ENOTFOUND","errno":-3008,"hostname":"redis","level":"error","message":"Redis connection error: getaddrinfo ENOTFOUND redis","service":"notification-service","stack":"Error: getaddrinfo ENOTFOUND redis\n    at GetAddrInfoReqWrap.onlookup [as oncomplete] (node:dns:109:26)","syscall":"getaddrinfo","timestamp":"2025-03-11 22:21:46"}
{"code":"ENOTFOUND","errno":-3008,"hostname":"redis","level":"error","message":"Redis connection error: getaddrinfo ENOTFOUND redis","service":"notification-service","stack":"Error: getaddrinfo ENOTFOUND redis\n    at GetAddrInfoReqWrap.onlookup [as oncomplete] (node:dns:109:26)","syscall":"getaddrinfo","timestamp":"2025-03-11 22:21:47"}
{"code":"ENOTFOUND","errno":-3008,"hostname":"redis","level":"error","message":"Redis connection error: getaddrinfo ENOTFOUND redis","service":"notification-service","stack":"Error: getaddrinfo ENOTFOUND redis\n    at GetAddrInfoReqWrap.onlookup [as oncomplete] (node:dns:109:26)","syscall":"getaddrinfo","timestamp":"2025-03-11 22:21:47"}
{"code":"ENOTFOUND","errno":-3008,"hostname":"redis","level":"error","message":"Redis connection error: getaddrinfo ENOTFOUND redis","service":"notification-service","stack":"Error: getaddrinfo ENOTFOUND redis\n    at GetAddrInfoReqWrap.onlookup [as oncomplete] (node:dns:109:26)","syscall":"getaddrinfo","timestamp":"2025-03-11 22:21:48"}
{"code":"ENOTFOUND","errno":-3008,"hostname":"redis","level":"error","message":"Redis connection error: getaddrinfo ENOTFOUND redis","service":"notification-service","stack":"Error: getaddrinfo ENOTFOUND redis\n    at GetAddrInfoReqWrap.onlookup [as oncomplete] (node:dns:109:26)","syscall":"getaddrinfo","timestamp":"2025-03-11 22:21:49"}
{"code":"ENOTFOUND","errno":-3008,"hostname":"redis","level":"error","message":"Redis connection error: getaddrinfo ENOTFOUND redis","service":"notification-service","stack":"Error: getaddrinfo ENOTFOUND redis\n    at GetAddrInfoReqWrap.onlookup [as oncomplete] (node:dns:109:26)","syscall":"getaddrinfo","timestamp":"2025-03-11 22:21:50"}
{"code":"ENOTFOUND","errno":-3008,"hostname":"redis","level":"error","message":"Redis connection error: getaddrinfo ENOTFOUND redis","service":"notification-service","stack":"Error: getaddrinfo ENOTFOUND redis\n    at GetAddrInfoReqWrap.onlookup [as oncomplete] (node:dns:109:26)","syscall":"getaddrinfo","timestamp":"2025-03-11 22:21:51"}
{"code":"ENOTFOUND","errno":-3008,"hostname":"redis","level":"error","message":"Redis connection error: getaddrinfo ENOTFOUND redis","service":"notification-service","stack":"Error: getaddrinfo ENOTFOUND redis\n    at GetAddrInfoReqWrap.onlookup [as oncomplete] (node:dns:109:26)","syscall":"getaddrinfo","timestamp":"2025-03-11 22:21:52"}
{"code":"ENOTFOUND","errno":-3008,"hostname":"redis","level":"error","message":"Redis connection error: getaddrinfo ENOTFOUND redis","service":"notification-service","stack":"Error: getaddrinfo ENOTFOUND redis\n    at GetAddrInfoReqWrap.onlookup [as oncomplete] (node:dns:109:26)","syscall":"getaddrinfo","timestamp":"2025-03-11 22:21:53"}
{"code":"ENOTFOUND","errno":-3008,"hostname":"redis","level":"error","message":"Redis connection error: getaddrinfo ENOTFOUND redis","service":"notification-service","stack":"Error: getaddrinfo ENOTFOUND redis\n    at GetAddrInfoReqWrap.onlookup [as oncomplete] (node:dns:109:26)","syscall":"getaddrinfo","timestamp":"2025-03-11 22:21:54"}
{"code":"ENOTFOUND","errno":-3008,"hostname":"redis","level":"error","message":"Redis connection error: getaddrinfo ENOTFOUND redis","service":"notification-service","stack":"Error: getaddrinfo ENOTFOUND redis\n    at GetAddrInfoReqWrap.onlookup [as oncomplete] (node:dns:109:26)","syscall":"getaddrinfo","timestamp":"2025-03-11 22:21:55"}
{"code":"ENOTFOUND","errno":-3008,"hostname":"redis","level":"error","message":"Redis connection error: getaddrinfo ENOTFOUND redis","service":"notification-service","stack":"Error: getaddrinfo ENOTFOUND redis\n    at GetAddrInfoReqWrap.onlookup [as oncomplete] (node:dns:109:26)","syscall":"getaddrinfo","timestamp":"2025-03-11 22:21:56"}
{"level":"info","message":"Redis connected successfully","service":"notification-service","timestamp":"2025-03-11 22:25:44"}
{"level":"error","message":"getaddrinfo ENOTFOUND mongodb","reason":{"commonWireVersion":0,"compatible":true,"heartbeatFrequencyMS":10000,"localThresholdMS":15,"logicalSessionTimeoutMinutes":null,"maxElectionId":null,"maxSetVersion":null,"servers":{},"setName":null,"stale":false,"type":"Unknown"},"service":"notification-service","stack":"MongooseServerSelectionError: getaddrinfo ENOTFOUND mongodb\n    at _handleConnectionErrors (/Users/pratik/Desktop/PRAT/FarmDoctor/Backend-JS/notification-service/node_modules/mongoose/lib/connection.js:816:11)\n    at NativeConnection.openUri (/Users/pratik/Desktop/PRAT/FarmDoctor/Backend-JS/notification-service/node_modules/mongoose/lib/connection.js:791:11)\n    at async connectDB (/Users/pratik/Desktop/PRAT/FarmDoctor/Backend-JS/notification-service/src/config/mongodb.js:7:5)\n    at async startServer (/Users/pratik/Desktop/PRAT/FarmDoctor/Backend-JS/notification-service/src/server.js:13:5)","timestamp":"2025-03-11 22:26:14"}
{"level":"info","message":"Redis connected successfully","service":"notification-service","timestamp":"2025-03-11 22:44:47"}
{"level":"error","message":"getaddrinfo ENOTFOUND mongodb","reason":{"commonWireVersion":0,"compatible":true,"heartbeatFrequencyMS":10000,"localThresholdMS":15,"logicalSessionTimeoutMinutes":null,"maxElectionId":null,"maxSetVersion":null,"servers":{},"setName":null,"stale":false,"type":"Unknown"},"service":"notification-service","stack":"MongooseServerSelectionError: getaddrinfo ENOTFOUND mongodb\n    at _handleConnectionErrors (/Users/pratik/Desktop/PRAT/FarmDoctor/Backend-JS/notification-service/node_modules/mongoose/lib/connection.js:816:11)\n    at NativeConnection.openUri (/Users/pratik/Desktop/PRAT/FarmDoctor/Backend-JS/notification-service/node_modules/mongoose/lib/connection.js:791:11)\n    at async connectDB (/Users/pratik/Desktop/PRAT/FarmDoctor/Backend-JS/notification-service/src/config/mongodb.js:7:5)\n    at async startServer (/Users/pratik/Desktop/PRAT/FarmDoctor/Backend-JS/notification-service/src/server.js:13:5)","timestamp":"2025-03-11 22:45:17"}
{"level":"info","message":"Redis connected successfully","service":"notification-service","timestamp":"2025-03-11 23:05:29"}
{"level":"error","message":"getaddrinfo ENOTFOUND mongodb","reason":{"commonWireVersion":0,"compatible":true,"heartbeatFrequencyMS":10000,"localThresholdMS":15,"logicalSessionTimeoutMinutes":null,"maxElectionId":null,"maxSetVersion":null,"servers":{},"setName":null,"stale":false,"type":"Unknown"},"service":"notification-service","stack":"MongooseServerSelectionError: getaddrinfo ENOTFOUND mongodb\n    at _handleConnectionErrors (/Users/pratik/Desktop/PRAT/FarmDoctor/Backend-JS/notification-service/node_modules/mongoose/lib/connection.js:816:11)\n    at NativeConnection.openUri (/Users/pratik/Desktop/PRAT/FarmDoctor/Backend-JS/notification-service/node_modules/mongoose/lib/connection.js:791:11)\n    at async connectDB (/Users/pratik/Desktop/PRAT/FarmDoctor/Backend-JS/notification-service/src/config/mongodb.js:7:5)\n    at async startServer (/Users/pratik/Desktop/PRAT/FarmDoctor/Backend-JS/notification-service/src/server.js:13:5)","timestamp":"2025-03-11 23:05:59"}
{"level":"info","message":"Redis connected successfully","service":"notification-service","timestamp":"2025-03-11 23:09:34"}
{"level":"info","message":"MongoDB connected successfully","service":"notification-service","timestamp":"2025-03-11 23:09:34"}
{"level":"info","message":"RabbitMQ connected successfully","service":"notification-service","timestamp":"2025-03-11 23:09:35"}
{"level":"info","message":"WebSocket server initialized","service":"notification-service","timestamp":"2025-03-11 23:09:35"}
{"level":"info","message":"Batch processor started and consuming from queues","service":"notification-service","timestamp":"2025-03-11 23:09:35"}
{"level":"info","message":"Scheduled batch processing every 60000ms","service":"notification-service","timestamp":"2025-03-11 23:09:35"}
{"level":"info","message":"Notification service listening on port 3006","service":"notification-service","timestamp":"2025-03-11 23:09:35"}
{"level":"info","message":"GET /users/67cf37e3e31ff22d14cb0cef/notifications?page=1&limit=20","service":"notification-service","timestamp":"2025-03-11 23:09:44"}
{"level":"info","message":"GET /users/67cf37e3e31ff22d14cb0cef/preferences","service":"notification-service","timestamp":"2025-03-11 23:09:44"}
{"level":"info","message":"GET /users/67cf37e3e31ff22d14cb0cef/notifications?page=1&limit=20","service":"notification-service","timestamp":"2025-03-11 23:09:44"}
{"level":"info","message":"GET /users/67cf37e3e31ff22d14cb0cef/notifications?page=1&limit=20","service":"notification-service","timestamp":"2025-03-11 23:09:56"}
{"level":"info","message":"Scheduled batch processing completed. Processed 0 notifications.","service":"notification-service","timestamp":"2025-03-11 23:10:35"}
{"level":"info","message":"Scheduled batch processing completed. Processed 0 notifications.","service":"notification-service","timestamp":"2025-03-11 23:11:35"}
{"level":"info","message":"GET /users/67cf37e3e31ff22d14cb0cef/notifications?page=1&limit=20","service":"notification-service","timestamp":"2025-03-11 23:12:23"}
{"level":"info","message":"Scheduled batch processing completed. Processed 0 notifications.","service":"notification-service","timestamp":"2025-03-11 23:12:35"}
{"level":"info","message":"Scheduled batch processing completed. Processed 0 notifications.","service":"notification-service","timestamp":"2025-03-11 23:13:35"}
{"level":"info","message":"GET /api/users/67cf37e3e31ff22d14cb0cef/notifications?page=1&limit=20","service":"notification-service","timestamp":"2025-03-11 23:13:42"}
{"level":"info","message":"Redis connected successfully","service":"notification-service","timestamp":"2025-03-11 23:13:49"}
{"level":"info","message":"MongoDB connected successfully","service":"notification-service","timestamp":"2025-03-11 23:13:50"}
{"level":"info","message":"RabbitMQ connected successfully","service":"notification-service","timestamp":"2025-03-11 23:13:50"}
{"level":"info","message":"WebSocket server initialized","service":"notification-service","timestamp":"2025-03-11 23:13:50"}
{"level":"info","message":"Batch processor started and consuming from queues","service":"notification-service","timestamp":"2025-03-11 23:13:50"}
{"level":"info","message":"Scheduled batch processing every 60000ms","service":"notification-service","timestamp":"2025-03-11 23:13:50"}
{"level":"info","message":"Notification service listening on port 3006","service":"notification-service","timestamp":"2025-03-11 23:13:50"}
{"level":"info","message":"GET /users/67cf37e3e31ff22d14cb0cef/notifications?page=1&limit=20","service":"notification-service","timestamp":"2025-03-11 23:13:52"}
{"level":"info","message":"GET /users/67cf37e3e31ff22d14cb0cef/notifications?page=1&limit=20","service":"notification-service","timestamp":"2025-03-11 23:14:01"}
{"level":"info","message":"GET /users/67cf37e3e31ff22d14cb0cef/notifications?page=1&limit=20","service":"notification-service","timestamp":"2025-03-11 23:14:01"}
{"level":"info","message":"GET /users/67cf37e3e31ff22d14cb0cef/preferences","service":"notification-service","timestamp":"2025-03-11 23:14:01"}
{"level":"info","message":"Scheduled batch processing completed. Processed 0 notifications.","service":"notification-service","timestamp":"2025-03-11 23:14:50"}
{"level":"info","message":"Scheduled batch processing completed. Processed 0 notifications.","service":"notification-service","timestamp":"2025-03-11 23:15:50"}
{"level":"info","message":"Scheduled batch processing completed. Processed 0 notifications.","service":"notification-service","timestamp":"2025-03-11 23:16:50"}
{"level":"info","message":"Scheduled batch processing completed. Processed 0 notifications.","service":"notification-service","timestamp":"2025-03-11 23:17:50"}
{"level":"info","message":"Scheduled batch processing completed. Processed 0 notifications.","service":"notification-service","timestamp":"2025-03-11 23:18:50"}
{"level":"info","message":"Scheduled batch processing completed. Processed 0 notifications.","service":"notification-service","timestamp":"2025-03-11 23:19:50"}
{"level":"info","message":"Scheduled batch processing completed. Processed 0 notifications.","service":"notification-service","timestamp":"2025-03-11 23:20:50"}
{"level":"info","message":"Scheduled batch processing completed. Processed 0 notifications.","service":"notification-service","timestamp":"2025-03-11 23:21:50"}
{"level":"info","message":"Scheduled batch processing completed. Processed 0 notifications.","service":"notification-service","timestamp":"2025-03-11 23:22:50"}
{"level":"info","message":"Scheduled batch processing completed. Processed 0 notifications.","service":"notification-service","timestamp":"2025-03-11 23:23:50"}
{"level":"info","message":"Scheduled batch processing completed. Processed 0 notifications.","service":"notification-service","timestamp":"2025-03-11 23:24:50"}
{"level":"info","message":"Scheduled batch processing completed. Processed 0 notifications.","service":"notification-service","timestamp":"2025-03-11 23:25:50"}
{"level":"info","message":"Scheduled batch processing completed. Processed 0 notifications.","service":"notification-service","timestamp":"2025-03-11 23:26:50"}
{"level":"info","message":"Scheduled batch processing completed. Processed 0 notifications.","service":"notification-service","timestamp":"2025-03-11 23:27:50"}
{"level":"info","message":"Scheduled batch processing completed. Processed 0 notifications.","service":"notification-service","timestamp":"2025-03-11 23:28:50"}
{"level":"info","message":"Scheduled batch processing completed. Processed 0 notifications.","service":"notification-service","timestamp":"2025-03-11 23:29:50"}
{"level":"info","message":"Scheduled batch processing completed. Processed 0 notifications.","service":"notification-service","timestamp":"2025-03-11 23:30:50"}
{"level":"info","message":"Scheduled batch processing completed. Processed 0 notifications.","service":"notification-service","timestamp":"2025-03-11 23:31:50"}
{"level":"info","message":"Scheduled batch processing completed. Processed 0 notifications.","service":"notification-service","timestamp":"2025-03-11 23:32:50"}
{"level":"info","message":"Scheduled batch processing completed. Processed 0 notifications.","service":"notification-service","timestamp":"2025-03-11 23:33:50"}
{"level":"info","message":"Scheduled batch processing completed. Processed 0 notifications.","service":"notification-service","timestamp":"2025-03-11 23:34:50"}
{"level":"info","message":"Scheduled batch processing completed. Processed 0 notifications.","service":"notification-service","timestamp":"2025-03-11 23:35:50"}
{"level":"info","message":"Scheduled batch processing completed. Processed 0 notifications.","service":"notification-service","timestamp":"2025-03-11 23:36:50"}
{"level":"info","message":"Scheduled batch processing completed. Processed 0 notifications.","service":"notification-service","timestamp":"2025-03-11 23:37:50"}
{"level":"info","message":"Scheduled batch processing completed. Processed 0 notifications.","service":"notification-service","timestamp":"2025-03-11 23:38:50"}
{"level":"info","message":"Scheduled batch processing completed. Processed 0 notifications.","service":"notification-service","timestamp":"2025-03-11 23:39:50"}
{"level":"info","message":"Scheduled batch processing completed. Processed 0 notifications.","service":"notification-service","timestamp":"2025-03-11 23:40:50"}
{"level":"info","message":"Scheduled batch processing completed. Processed 0 notifications.","service":"notification-service","timestamp":"2025-03-11 23:41:50"}
{"level":"info","message":"Scheduled batch processing completed. Processed 0 notifications.","service":"notification-service","timestamp":"2025-03-11 23:42:50"}
{"level":"info","message":"Scheduled batch processing completed. Processed 0 notifications.","service":"notification-service","timestamp":"2025-03-11 23:43:50"}
{"level":"info","message":"Scheduled batch processing completed. Processed 0 notifications.","service":"notification-service","timestamp":"2025-03-11 23:44:50"}
{"level":"info","message":"Scheduled batch processing completed. Processed 0 notifications.","service":"notification-service","timestamp":"2025-03-11 23:45:50"}
{"level":"info","message":"Scheduled batch processing completed. Processed 0 notifications.","service":"notification-service","timestamp":"2025-03-11 23:46:50"}
{"level":"info","message":"Scheduled batch processing completed. Processed 0 notifications.","service":"notification-service","timestamp":"2025-03-11 23:47:50"}
{"level":"info","message":"Scheduled batch processing completed. Processed 0 notifications.","service":"notification-service","timestamp":"2025-03-11 23:48:50"}
{"level":"info","message":"Scheduled batch processing completed. Processed 0 notifications.","service":"notification-service","timestamp":"2025-03-11 23:49:50"}
{"level":"info","message":"Scheduled batch processing completed. Processed 0 notifications.","service":"notification-service","timestamp":"2025-03-11 23:50:50"}
{"level":"info","message":"Scheduled batch processing completed. Processed 0 notifications.","service":"notification-service","timestamp":"2025-03-11 23:51:50"}
{"level":"info","message":"Scheduled batch processing completed. Processed 0 notifications.","service":"notification-service","timestamp":"2025-03-11 23:52:50"}
{"level":"info","message":"Scheduled batch processing completed. Processed 0 notifications.","service":"notification-service","timestamp":"2025-03-11 23:53:50"}
{"level":"info","message":"Scheduled batch processing completed. Processed 0 notifications.","service":"notification-service","timestamp":"2025-03-11 23:54:50"}
{"level":"info","message":"Scheduled batch processing completed. Processed 0 notifications.","service":"notification-service","timestamp":"2025-03-11 23:55:50"}
{"level":"info","message":"Scheduled batch processing completed. Processed 0 notifications.","service":"notification-service","timestamp":"2025-03-11 23:56:50"}
{"level":"info","message":"Scheduled batch processing completed. Processed 0 notifications.","service":"notification-service","timestamp":"2025-03-11 23:57:50"}
{"level":"info","message":"Scheduled batch processing completed. Processed 0 notifications.","service":"notification-service","timestamp":"2025-03-11 23:58:50"}
{"level":"info","message":"Scheduled batch processing completed. Processed 0 notifications.","service":"notification-service","timestamp":"2025-03-11 23:59:50"}
{"level":"info","message":"Scheduled batch processing completed. Processed 0 notifications.","service":"notification-service","timestamp":"2025-03-12 00:00:50"}
{"level":"info","message":"Scheduled batch processing completed. Processed 0 notifications.","service":"notification-service","timestamp":"2025-03-12 00:01:50"}
{"level":"info","message":"Scheduled batch processing completed. Processed 0 notifications.","service":"notification-service","timestamp":"2025-03-12 00:02:50"}
{"level":"info","message":"Scheduled batch processing completed. Processed 0 notifications.","service":"notification-service","timestamp":"2025-03-12 00:03:50"}
{"level":"info","message":"Scheduled batch processing completed. Processed 0 notifications.","service":"notification-service","timestamp":"2025-03-12 00:04:50"}
{"level":"info","message":"Scheduled batch processing completed. Processed 0 notifications.","service":"notification-service","timestamp":"2025-03-12 00:05:50"}
{"level":"info","message":"Scheduled batch processing completed. Processed 0 notifications.","service":"notification-service","timestamp":"2025-03-12 00:06:50"}
{"level":"info","message":"Scheduled batch processing completed. Processed 0 notifications.","service":"notification-service","timestamp":"2025-03-12 00:07:50"}
{"level":"info","message":"Scheduled batch processing completed. Processed 0 notifications.","service":"notification-service","timestamp":"2025-03-12 00:08:50"}
{"level":"info","message":"Scheduled batch processing completed. Processed 0 notifications.","service":"notification-service","timestamp":"2025-03-12 00:09:50"}
{"level":"info","message":"Scheduled batch processing completed. Processed 0 notifications.","service":"notification-service","timestamp":"2025-03-12 00:10:50"}
{"level":"info","message":"Scheduled batch processing completed. Processed 0 notifications.","service":"notification-service","timestamp":"2025-03-12 00:11:50"}
{"level":"info","message":"Scheduled batch processing completed. Processed 0 notifications.","service":"notification-service","timestamp":"2025-03-12 00:12:50"}
{"level":"info","message":"Scheduled batch processing completed. Processed 0 notifications.","service":"notification-service","timestamp":"2025-03-12 00:13:50"}
{"level":"info","message":"Scheduled batch processing completed. Processed 0 notifications.","service":"notification-service","timestamp":"2025-03-12 00:14:50"}
{"level":"info","message":"Scheduled batch processing completed. Processed 0 notifications.","service":"notification-service","timestamp":"2025-03-12 00:15:50"}
{"level":"info","message":"Scheduled batch processing completed. Processed 0 notifications.","service":"notification-service","timestamp":"2025-03-12 00:16:50"}
{"level":"info","message":"Scheduled batch processing completed. Processed 0 notifications.","service":"notification-service","timestamp":"2025-03-12 00:17:50"}
{"level":"info","message":"Scheduled batch processing completed. Processed 0 notifications.","service":"notification-service","timestamp":"2025-03-12 00:18:50"}
{"level":"info","message":"Scheduled batch processing completed. Processed 0 notifications.","service":"notification-service","timestamp":"2025-03-12 00:19:50"}
{"level":"info","message":"Scheduled batch processing completed. Processed 0 notifications.","service":"notification-service","timestamp":"2025-03-12 00:20:50"}
{"level":"info","message":"Scheduled batch processing completed. Processed 0 notifications.","service":"notification-service","timestamp":"2025-03-12 00:21:50"}
{"level":"info","message":"Scheduled batch processing completed. Processed 0 notifications.","service":"notification-service","timestamp":"2025-03-12 00:22:50"}
{"level":"info","message":"Scheduled batch processing completed. Processed 0 notifications.","service":"notification-service","timestamp":"2025-03-12 00:23:50"}
{"level":"info","message":"Scheduled batch processing completed. Processed 0 notifications.","service":"notification-service","timestamp":"2025-03-12 00:24:50"}
{"level":"info","message":"Scheduled batch processing completed. Processed 0 notifications.","service":"notification-service","timestamp":"2025-03-12 00:25:50"}
{"level":"info","message":"Scheduled batch processing completed. Processed 0 notifications.","service":"notification-service","timestamp":"2025-03-12 00:26:50"}
{"level":"info","message":"Scheduled batch processing completed. Processed 0 notifications.","service":"notification-service","timestamp":"2025-03-12 00:27:50"}
{"level":"info","message":"Scheduled batch processing completed. Processed 0 notifications.","service":"notification-service","timestamp":"2025-03-12 00:28:50"}
{"level":"info","message":"Scheduled batch processing completed. Processed 0 notifications.","service":"notification-service","timestamp":"2025-03-12 00:29:50"}
{"level":"info","message":"Scheduled batch processing completed. Processed 0 notifications.","service":"notification-service","timestamp":"2025-03-12 00:30:50"}
{"level":"info","message":"Scheduled batch processing completed. Processed 0 notifications.","service":"notification-service","timestamp":"2025-03-12 00:31:50"}
{"level":"info","message":"Scheduled batch processing completed. Processed 0 notifications.","service":"notification-service","timestamp":"2025-03-12 00:32:50"}
{"level":"info","message":"Scheduled batch processing completed. Processed 0 notifications.","service":"notification-service","timestamp":"2025-03-12 00:33:50"}
{"level":"info","message":"Scheduled batch processing completed. Processed 0 notifications.","service":"notification-service","timestamp":"2025-03-12 00:34:50"}
{"level":"info","message":"Scheduled batch processing completed. Processed 0 notifications.","service":"notification-service","timestamp":"2025-03-12 00:35:50"}
{"level":"info","message":"Scheduled batch processing completed. Processed 0 notifications.","service":"notification-service","timestamp":"2025-03-12 00:36:50"}
{"level":"info","message":"Scheduled batch processing completed. Processed 0 notifications.","service":"notification-service","timestamp":"2025-03-12 00:37:50"}
{"level":"info","message":"Redis connected successfully","service":"notification-service","timestamp":"2025-03-12 01:44:59"}
{"level":"info","message":"MongoDB connected successfully","service":"notification-service","timestamp":"2025-03-12 01:44:59"}
{"code":"ECONNREFUSED","level":"error","message":"RabbitMQ connection error:","service":"notification-service","stack":"AggregateError [ECONNREFUSED]: \n    at internalConnectMultiple (node:net:1139:18)\n    at afterConnectMultiple (node:net:1712:7)","timestamp":"2025-03-12 01:44:59"}
{"level":"info","message":"Redis connected successfully","service":"notification-service","timestamp":"2025-03-12 01:45:42"}
{"level":"info","message":"MongoDB connected successfully","service":"notification-service","timestamp":"2025-03-12 01:45:42"}
{"level":"info","message":"RabbitMQ connected successfully","service":"notification-service","timestamp":"2025-03-12 01:45:42"}
{"level":"info","message":"WebSocket server initialized","service":"notification-service","timestamp":"2025-03-12 01:45:42"}
{"level":"info","message":"Batch processor started and consuming from queues","service":"notification-service","timestamp":"2025-03-12 01:45:42"}
{"level":"info","message":"Scheduled batch processing every 60000ms","service":"notification-service","timestamp":"2025-03-12 01:45:42"}
{"level":"info","message":"Notification service listening on port 3006","service":"notification-service","timestamp":"2025-03-12 01:45:42"}
{"level":"info","message":"GET /users/67cf39b0e31ff22d14cb0cff/notifications?page=1&limit=20","service":"notification-service","timestamp":"2025-03-12 01:45:47"}
{"level":"info","message":"GET /users/67cf39b0e31ff22d14cb0cff/notifications?page=1&limit=20","service":"notification-service","timestamp":"2025-03-12 01:46:04"}
{"level":"info","message":"Scheduled batch processing completed. Processed 0 notifications.","service":"notification-service","timestamp":"2025-03-12 01:46:42"}
{"level":"info","message":"Scheduled batch processing completed. Processed 0 notifications.","service":"notification-service","timestamp":"2025-03-12 01:47:42"}
{"level":"info","message":"Scheduled batch processing completed. Processed 0 notifications.","service":"notification-service","timestamp":"2025-03-12 01:48:42"}
{"level":"info","message":"Scheduled batch processing completed. Processed 0 notifications.","service":"notification-service","timestamp":"2025-03-12 01:49:42"}
{"level":"info","message":"Scheduled batch processing completed. Processed 0 notifications.","service":"notification-service","timestamp":"2025-03-12 01:50:42"}
{"level":"info","message":"GET /users/67cf39b0e31ff22d14cb0cff/notifications?page=1&limit=20","service":"notification-service","timestamp":"2025-03-12 01:51:33"}
{"level":"info","message":"Scheduled batch processing completed. Processed 0 notifications.","service":"notification-service","timestamp":"2025-03-12 01:51:42"}
{"level":"info","message":"GET /users/67cf39b0e31ff22d14cb0cff/notifications?page=1&limit=20","service":"notification-service","timestamp":"2025-03-12 01:52:26"}
{"level":"info","message":"GET /users/67cf39b0e31ff22d14cb0cff/logo.png","service":"notification-service","timestamp":"2025-03-12 01:52:27"}
{"level":"info","message":"Scheduled batch processing completed. Processed 0 notifications.","service":"notification-service","timestamp":"2025-03-12 01:52:42"}
{"level":"info","message":"Scheduled batch processing completed. Processed 0 notifications.","service":"notification-service","timestamp":"2025-03-12 01:53:42"}
{"level":"info","message":"Scheduled batch processing completed. Processed 0 notifications.","service":"notification-service","timestamp":"2025-03-12 01:54:42"}
{"level":"info","message":"Scheduled batch processing completed. Processed 0 notifications.","service":"notification-service","timestamp":"2025-03-12 01:55:42"}
{"level":"info","message":"Scheduled batch processing completed. Processed 0 notifications.","service":"notification-service","timestamp":"2025-03-12 01:56:42"}
{"level":"info","message":"POST /notifications","service":"notification-service","timestamp":"2025-03-12 01:57:10"}
{"level":"info","message":"GET /users/67cf39b0e31ff22d14cb0cff/notifications?page=1&limit=20","service":"notification-service","timestamp":"2025-03-12 01:57:30"}
{"level":"info","message":"Scheduled batch processing completed. Processed 0 notifications.","service":"notification-service","timestamp":"2025-03-12 01:57:42"}
{"level":"info","message":"Scheduled batch processing completed. Processed 0 notifications.","service":"notification-service","timestamp":"2025-03-12 01:58:42"}
{"level":"info","message":"Scheduled batch processing completed. Processed 0 notifications.","service":"notification-service","timestamp":"2025-03-12 01:59:42"}
{"level":"info","message":"Scheduled batch processing completed. Processed 0 notifications.","service":"notification-service","timestamp":"2025-03-12 02:00:42"}
{"level":"info","message":"GET /users/67cf39b0e31ff22d14cb0cff/notifications?page=1&limit=20","service":"notification-service","timestamp":"2025-03-12 02:01:27"}
{"level":"info","message":"Scheduled batch processing completed. Processed 0 notifications.","service":"notification-service","timestamp":"2025-03-12 02:01:42"}
{"level":"info","message":"POST /notifications","service":"notification-service","timestamp":"2025-03-12 02:01:49"}
{"level":"info","message":"Scheduled batch processing completed. Processed 0 notifications.","service":"notification-service","timestamp":"2025-03-12 02:02:42"}
{"level":"info","message":"Scheduled batch processing completed. Processed 0 notifications.","service":"notification-service","timestamp":"2025-03-12 02:03:42"}
{"level":"info","message":"Scheduled batch processing completed. Processed 0 notifications.","service":"notification-service","timestamp":"2025-03-12 02:04:42"}
{"level":"info","message":"GET /users/67cf39b0e31ff22d14cb0cff/notifications?page=1&limit=20","service":"notification-service","timestamp":"2025-03-12 02:05:10"}
{"level":"info","message":"POST /notifications","service":"notification-service","timestamp":"2025-03-12 02:05:31"}
{"level":"info","message":"Scheduled batch processing completed. Processed 0 notifications.","service":"notification-service","timestamp":"2025-03-12 02:05:42"}
{"level":"info","message":"Scheduled batch processing completed. Processed 0 notifications.","service":"notification-service","timestamp":"2025-03-12 02:06:42"}
{"level":"info","message":"GET /users/67cf39b0e31ff22d14cb0cff/notifications?page=1&limit=20","service":"notification-service","timestamp":"2025-03-12 02:07:02"}
{"level":"info","message":"POST /notifications","service":"notification-service","timestamp":"2025-03-12 02:07:18"}
{"level":"info","message":"Scheduled batch processing completed. Processed 0 notifications.","service":"notification-service","timestamp":"2025-03-12 02:07:42"}
{"level":"info","message":"GET /users/67cf39b0e31ff22d14cb0cff/notifications?page=1&limit=20","service":"notification-service","timestamp":"2025-03-12 02:07:44"}
{"level":"info","message":"GET /users/67cf39b0e31ff22d14cb0cff/logo.png","service":"notification-service","timestamp":"2025-03-12 02:07:44"}
{"level":"info","message":"Scheduled batch processing completed. Processed 0 notifications.","service":"notification-service","timestamp":"2025-03-12 02:08:42"}
{"level":"info","message":"Scheduled batch processing completed. Processed 0 notifications.","service":"notification-service","timestamp":"2025-03-12 02:09:42"}
{"level":"info","message":"Scheduled batch processing completed. Processed 0 notifications.","service":"notification-service","timestamp":"2025-03-12 02:10:42"}
{"level":"info","message":"Scheduled batch processing completed. Processed 0 notifications.","service":"notification-service","timestamp":"2025-03-12 02:11:42"}
{"level":"info","message":"Scheduled batch processing completed. Processed 0 notifications.","service":"notification-service","timestamp":"2025-03-12 02:12:42"}
{"level":"info","message":"Redis connected successfully","service":"notification-service","timestamp":"2025-03-12 09:17:58"}
{"level":"info","message":"MongoDB connected successfully","service":"notification-service","timestamp":"2025-03-12 09:17:59"}
{"level":"info","message":"RabbitMQ connected successfully","service":"notification-service","timestamp":"2025-03-12 09:17:59"}
{"level":"info","message":"WebSocket server initialized","service":"notification-service","timestamp":"2025-03-12 09:17:59"}
{"level":"info","message":"Batch processor started and consuming from queues","service":"notification-service","timestamp":"2025-03-12 09:17:59"}
{"level":"info","message":"Scheduled batch processing every 60000ms","service":"notification-service","timestamp":"2025-03-12 09:17:59"}
{"level":"info","message":"Notification service listening on port 3006","service":"notification-service","timestamp":"2025-03-12 09:17:59"}
{"level":"info","message":"GET /notifications","service":"notification-service","timestamp":"2025-03-12 09:18:46"}
{"level":"info","message":"POST /notifications","service":"notification-service","timestamp":"2025-03-12 09:18:57"}
{"level":"info","message":"Scheduled batch processing completed. Processed 0 notifications.","service":"notification-service","timestamp":"2025-03-12 09:18:59"}
{"level":"info","message":"GET /users/67cf39b0e31ff22d14cb0cff/notifications?page=1&limit=20","service":"notification-service","timestamp":"2025-03-12 09:19:08"}
{"level":"info","message":"GET /users/67cf37e3e31ff22d14cb0cef/notifications?page=1&limit=20","service":"notification-service","timestamp":"2025-03-12 09:19:14"}
{"level":"info","message":"GET /users/67cf37e3e31ff22d14cb0cef/notifications?page=1&limit=20","service":"notification-service","timestamp":"2025-03-12 09:19:29"}
{"level":"info","message":"GET /users/67cf37e3e31ff22d14cb0cef/notifications?page=1&limit=20","service":"notification-service","timestamp":"2025-03-12 09:19:29"}
{"level":"info","message":"GET /users/67cf37e3e31ff22d14cb0cef/preferences","service":"notification-service","timestamp":"2025-03-12 09:19:29"}
{"level":"info","message":"Scheduled batch processing completed. Processed 0 notifications.","service":"notification-service","timestamp":"2025-03-12 09:19:59"}
{"level":"info","message":"GET /users/67cf37e3e31ff22d14cb0cef/preferences","service":"notification-service","timestamp":"2025-03-12 09:20:34"}
{"level":"info","message":"GET /users/67cf37e3e31ff22d14cb0cef/notifications?page=1&limit=20","service":"notification-service","timestamp":"2025-03-12 09:20:34"}
{"level":"info","message":"GET /users/67cf37e3e31ff22d14cb0cef/notifications?page=1&limit=20","service":"notification-service","timestamp":"2025-03-12 09:20:34"}
{"level":"info","message":"Scheduled batch processing completed. Processed 0 notifications.","service":"notification-service","timestamp":"2025-03-12 09:20:59"}
{"level":"info","message":"GET /users/67cf37e3e31ff22d14cb0cef/preferences","service":"notification-service","timestamp":"2025-03-12 09:21:20"}
{"level":"info","message":"GET /users/67cf39b0e31ff22d14cb0cff/notifications?page=1&limit=20","service":"notification-service","timestamp":"2025-03-12 09:21:51"}
{"level":"info","message":"Scheduled batch processing completed. Processed 0 notifications.","service":"notification-service","timestamp":"2025-03-12 09:21:59"}
{"level":"info","message":"PUT /users/67cf37e3e31ff22d14cb0cef/preferences","service":"notification-service","timestamp":"2025-03-12 09:22:21"}
{"level":"info","message":"PUT /users/67cf37e3e31ff22d14cb0cef/preferences","service":"notification-service","timestamp":"2025-03-12 09:22:24"}
{"level":"info","message":"PUT /users/67cf37e3e31ff22d14cb0cef/preferences","service":"notification-service","timestamp":"2025-03-12 09:22:25"}
{"level":"info","message":"PUT /users/67cf37e3e31ff22d14cb0cef/preferences","service":"notification-service","timestamp":"2025-03-12 09:22:27"}
{"level":"info","message":"PUT /users/67cf37e3e31ff22d14cb0cef/preferences","service":"notification-service","timestamp":"2025-03-12 09:22:30"}
{"level":"info","message":"PUT /users/67cf37e3e31ff22d14cb0cef/preferences","service":"notification-service","timestamp":"2025-03-12 09:22:31"}
{"level":"info","message":"GET /users/67cf37e3e31ff22d14cb0cef/preferences","service":"notification-service","timestamp":"2025-03-12 09:22:41"}
{"level":"info","message":"Scheduled batch processing completed. Processed 0 notifications.","service":"notification-service","timestamp":"2025-03-12 09:22:59"}
{"code":"ECONNABORTED","expected":361,"length":361,"level":"error","message":"request aborted","received":0,"service":"notification-service","stack":"BadRequestError: request aborted\n    at IncomingMessage.onAborted (/Users/pratik/Desktop/PRAT/FarmDoctor/Backend-JS/notification-service/node_modules/raw-body/index.js:245:10)\n    at IncomingMessage.emit (node:events:507:28)\n    at IncomingMessage._destroy (node:_http_incoming:221:10)\n    at _destroy (node:internal/streams/destroy:122:10)\n    at IncomingMessage.destroy (node:internal/streams/destroy:84:5)\n    at abortIncoming (node:_http_server:809:9)\n    at socketOnClose (node:_http_server:803:3)\n    at Socket.emit (node:events:519:35)\n    at TCP.<anonymous> (node:net:351:12)","timestamp":"2025-03-12 09:23:29","type":"request.aborted"}
{"level":"info","message":"Scheduled batch processing completed. Processed 0 notifications.","service":"notification-service","timestamp":"2025-03-12 09:23:59"}
{"level":"info","message":"Scheduled batch processing completed. Processed 0 notifications.","service":"notification-service","timestamp":"2025-03-12 09:24:59"}
{"level":"info","message":"GET /users/67cf37e3e31ff22d14cb0cef/notifications?page=1&limit=20","service":"notification-service","timestamp":"2025-03-12 09:25:40"}
{"level":"info","message":"Scheduled batch processing completed. Processed 0 notifications.","service":"notification-service","timestamp":"2025-03-12 09:25:59"}
{"level":"info","message":"POST /notifications","service":"notification-service","timestamp":"2025-03-12 09:26:23"}
{"level":"info","message":"GET /users/67cf37e3e31ff22d14cb0cef/notifications?page=1&limit=20","service":"notification-service","timestamp":"2025-03-12 09:26:29"}
{"level":"info","message":"GET /users/67cf37e3e31ff22d14cb0cef/preferences","service":"notification-service","timestamp":"2025-03-12 09:26:40"}
{"level":"info","message":"GET /users/67cf37e3e31ff22d14cb0cef/notifications?page=1&limit=20","service":"notification-service","timestamp":"2025-03-12 09:26:40"}
{"level":"info","message":"GET /users/67cf37e3e31ff22d14cb0cef/notifications?page=1&limit=20","service":"notification-service","timestamp":"2025-03-12 09:26:40"}
{"level":"info","message":"Scheduled batch processing completed. Processed 0 notifications.","service":"notification-service","timestamp":"2025-03-12 09:26:59"}
{"level":"info","message":"Scheduled batch processing completed. Processed 0 notifications.","service":"notification-service","timestamp":"2025-03-12 09:27:59"}
{"level":"info","message":"POST /notifications","service":"notification-service","timestamp":"2025-03-12 09:28:48"}
{"level":"info","message":"GET /users/67cf37e3e31ff22d14cb0cef/notifications?page=1&limit=20","service":"notification-service","timestamp":"2025-03-12 09:28:51"}
{"level":"info","message":"GET /users/67cf37e3e31ff22d14cb0cef/notifications?page=1&limit=20","service":"notification-service","timestamp":"2025-03-12 09:28:53"}
{"level":"info","message":"Scheduled batch processing completed. Processed 0 notifications.","service":"notification-service","timestamp":"2025-03-12 09:28:59"}
{"level":"info","message":"POST /notifications","service":"notification-service","timestamp":"2025-03-12 09:29:00"}
{"level":"info","message":"GET /users/67cf37e3e31ff22d14cb0cef/notifications?page=1&limit=20","service":"notification-service","timestamp":"2025-03-12 09:29:07"}
{"level":"info","message":"POST /notifications","service":"notification-service","timestamp":"2025-03-12 09:29:56"}
{"level":"info","message":"Scheduled batch processing completed. Processed 0 notifications.","service":"notification-service","timestamp":"2025-03-12 09:29:59"}
{"level":"info","message":"Scheduled batch processing completed. Processed 0 notifications.","service":"notification-service","timestamp":"2025-03-12 09:30:59"}
{"level":"info","message":"Scheduled batch processing completed. Processed 0 notifications.","service":"notification-service","timestamp":"2025-03-12 09:31:59"}
{"level":"info","message":"Scheduled batch processing completed. Processed 0 notifications.","service":"notification-service","timestamp":"2025-03-12 09:32:59"}
{"level":"info","message":"Scheduled batch processing completed. Processed 0 notifications.","service":"notification-service","timestamp":"2025-03-12 09:33:59"}
{"level":"info","message":"Scheduled batch processing completed. Processed 0 notifications.","service":"notification-service","timestamp":"2025-03-12 09:34:59"}
{"level":"info","message":"Redis connected successfully","service":"notification-service","timestamp":"2025-03-12 09:35:00"}
{"level":"info","message":"MongoDB connected successfully","service":"notification-service","timestamp":"2025-03-12 09:35:00"}
{"level":"info","message":"RabbitMQ connected successfully","service":"notification-service","timestamp":"2025-03-12 09:35:00"}
{"level":"info","message":"WebSocket server initialized","service":"notification-service","timestamp":"2025-03-12 09:35:00"}
{"level":"info","message":"Batch processor started and consuming from queues","service":"notification-service","timestamp":"2025-03-12 09:35:00"}
{"level":"info","message":"Scheduled batch processing every 60000ms","service":"notification-service","timestamp":"2025-03-12 09:35:00"}
{"level":"info","message":"Notification service listening on port 3006","service":"notification-service","timestamp":"2025-03-12 09:35:00"}
{"level":"info","message":"Scheduled batch processing completed. Processed 0 notifications.","service":"notification-service","timestamp":"2025-03-12 09:36:00"}
{"level":"info","message":"Scheduled batch processing completed. Processed 0 notifications.","service":"notification-service","timestamp":"2025-03-12 09:37:00"}
{"level":"info","message":"Scheduled batch processing completed. Processed 0 notifications.","service":"notification-service","timestamp":"2025-03-12 09:38:00"}
{"level":"info","message":"Scheduled batch processing completed. Processed 0 notifications.","service":"notification-service","timestamp":"2025-03-12 09:39:00"}
{"level":"info","message":"Scheduled batch processing completed. Processed 0 notifications.","service":"notification-service","timestamp":"2025-03-12 09:40:00"}
{"level":"info","message":"Scheduled batch processing completed. Processed 0 notifications.","service":"notification-service","timestamp":"2025-03-12 09:41:00"}
{"level":"info","message":"Scheduled batch processing completed. Processed 0 notifications.","service":"notification-service","timestamp":"2025-03-12 09:42:00"}
{"level":"info","message":"Redis connected successfully","service":"notification-service","timestamp":"2025-03-12 09:42:44"}
{"level":"info","message":"MongoDB connected successfully","service":"notification-service","timestamp":"2025-03-12 09:42:44"}
{"level":"info","message":"RabbitMQ connected successfully","service":"notification-service","timestamp":"2025-03-12 09:42:44"}
{"level":"info","message":"WebSocket server initialized","service":"notification-service","timestamp":"2025-03-12 09:42:44"}
{"level":"info","message":"Batch processor started and consuming from queues","service":"notification-service","timestamp":"2025-03-12 09:42:44"}
{"level":"info","message":"Scheduled batch processing every 60000ms","service":"notification-service","timestamp":"2025-03-12 09:42:44"}
{"level":"info","message":"Notification service listening on port 3006","service":"notification-service","timestamp":"2025-03-12 09:42:44"}
{"level":"info","message":"Scheduled batch processing completed. Processed 0 notifications.","service":"notification-service","timestamp":"2025-03-12 09:43:44"}
{"level":"info","message":"Scheduled batch processing completed. Processed 0 notifications.","service":"notification-service","timestamp":"2025-03-12 09:44:44"}
{"level":"info","message":"Scheduled batch processing completed. Processed 0 notifications.","service":"notification-service","timestamp":"2025-03-12 09:45:44"}
{"level":"info","message":"Scheduled batch processing completed. Processed 0 notifications.","service":"notification-service","timestamp":"2025-03-12 09:46:44"}
{"level":"info","message":"Scheduled batch processing completed. Processed 0 notifications.","service":"notification-service","timestamp":"2025-03-12 09:47:44"}
{"level":"info","message":"Scheduled batch processing completed. Processed 0 notifications.","service":"notification-service","timestamp":"2025-03-12 09:48:44"}
{"level":"info","message":"Scheduled batch processing completed. Processed 0 notifications.","service":"notification-service","timestamp":"2025-03-12 09:49:44"}
{"level":"info","message":"Scheduled batch processing completed. Processed 0 notifications.","service":"notification-service","timestamp":"2025-03-12 09:50:44"}
{"level":"info","message":"Scheduled batch processing completed. Processed 0 notifications.","service":"notification-service","timestamp":"2025-03-12 09:51:44"}
{"level":"info","message":"Scheduled batch processing completed. Processed 0 notifications.","service":"notification-service","timestamp":"2025-03-12 09:52:44"}
{"level":"info","message":"Scheduled batch processing completed. Processed 0 notifications.","service":"notification-service","timestamp":"2025-03-12 09:53:44"}
{"level":"info","message":"Scheduled batch processing completed. Processed 0 notifications.","service":"notification-service","timestamp":"2025-03-12 09:54:44"}
{"level":"info","message":"Scheduled batch processing completed. Processed 0 notifications.","service":"notification-service","timestamp":"2025-03-12 09:55:44"}
{"level":"info","message":"Scheduled batch processing completed. Processed 0 notifications.","service":"notification-service","timestamp":"2025-03-12 09:56:44"}
{"level":"info","message":"Scheduled batch processing completed. Processed 0 notifications.","service":"notification-service","timestamp":"2025-03-12 09:57:44"}
{"level":"info","message":"Scheduled batch processing completed. Processed 0 notifications.","service":"notification-service","timestamp":"2025-03-12 09:58:44"}
{"level":"info","message":"Scheduled batch processing completed. Processed 0 notifications.","service":"notification-service","timestamp":"2025-03-12 09:59:51"}
{"level":"info","message":"Scheduled batch processing completed. Processed 0 notifications.","service":"notification-service","timestamp":"2025-03-12 10:00:44"}
{"level":"info","message":"Scheduled batch processing completed. Processed 0 notifications.","service":"notification-service","timestamp":"2025-03-12 10:01:44"}
{"level":"info","message":"Scheduled batch processing completed. Processed 0 notifications.","service":"notification-service","timestamp":"2025-03-12 10:02:44"}
{"level":"info","message":"Scheduled batch processing completed. Processed 0 notifications.","service":"notification-service","timestamp":"2025-03-12 10:03:44"}
{"level":"info","message":"Scheduled batch processing completed. Processed 0 notifications.","service":"notification-service","timestamp":"2025-03-12 10:04:44"}
{"level":"info","message":"Scheduled batch processing completed. Processed 0 notifications.","service":"notification-service","timestamp":"2025-03-12 10:05:44"}
{"level":"info","message":"Scheduled batch processing completed. Processed 0 notifications.","service":"notification-service","timestamp":"2025-03-12 10:06:44"}
{"level":"info","message":"Scheduled batch processing completed. Processed 0 notifications.","service":"notification-service","timestamp":"2025-03-12 10:07:44"}
{"level":"info","message":"Shutting down server...","service":"notification-service","timestamp":"2025-03-12 10:08:41"}
{"level":"info","message":"HTTP server closed","service":"notification-service","timestamp":"2025-03-12 10:08:41"}
{"level":"info","message":"RabbitMQ disconnected","service":"notification-service","timestamp":"2025-03-12 10:08:42"}
