{"level":"info","message":"API Gateway running in development mode on port 3001","timestamp":"2025-02-21T02:19:05.227Z"}
{"level":"info","message":"[development] Proxying request to main service: GET /?ip=103.83.212.66&userId=676d6c691b6a860606ef6db2","timestamp":"2025-02-21T02:20:04.271Z"}
{"code":"ECONNREFUSED","level":"error","message":"Proxy Error:","stack":"AggregateError [ECONNREFUSED]: \n    at internalConnectMultiple (node:net:1139:18)\n    at afterConnectMultiple (node:net:1712:7)","timestamp":"2025-02-21T02:20:04.280Z"}
{"level":"info","message":"API Gateway running in development mode on port 3001","timestamp":"2025-02-21T02:20:45.848Z"}
{"level":"info","message":"[development] Proxying request to main service: GET /?ip=103.83.212.66&userId=676d6c691b6a860606ef6db2","timestamp":"2025-02-21T02:20:48.852Z"}
{"code":"ECONNREFUSED","level":"error","message":"Proxy Error:","stack":"AggregateError [ECONNREFUSED]: \n    at internalConnectMultiple (node:net:1139:18)\n    at afterConnectMultiple (node:net:1712:7)","timestamp":"2025-02-21T02:20:48.859Z"}
{"level":"info","message":"API Gateway running in development mode on port 3001","timestamp":"2025-02-21T02:22:13.509Z"}
{"level":"warn","message":"Service main is not healthy at http://localhost:3002","timestamp":"2025-02-21T02:22:16.727Z"}
{"level":"warn","message":"Service main is not healthy at http://localhost:3002","timestamp":"2025-02-21T02:22:34.829Z"}
{"level":"warn","message":"Service main is not healthy at http://localhost:3002","timestamp":"2025-02-21T02:22:38.827Z"}
{"level":"warn","message":"Service main is not healthy at http://localhost:3002","timestamp":"2025-02-21T02:24:22.464Z"}
{"level":"info","message":"API Gateway running in development mode on port 3001","timestamp":"2025-02-21T02:24:29.209Z"}
{"level":"warn","message":"Service main is not healthy at http://localhost:3002","timestamp":"2025-02-21T02:24:36.315Z"}
{"level":"info","message":"API Gateway running in development mode on port 3001","timestamp":"2025-02-21T02:26:41.396Z"}
{"level":"warn","message":"Service main is not healthy at http://localhost:3002","timestamp":"2025-02-21T02:27:08.144Z"}
{"level":"info","message":"API Gateway running in development mode on port 3001","timestamp":"2025-02-21T02:34:59.159Z"}
{"level":"info","message":"API Gateway running in development mode on port 3001","timestamp":"2025-02-21T02:35:07.847Z"}
{"level":"debug","message":"Checking health for service at http://localhost:3002","timestamp":"2025-02-21T02:35:37.455Z"}
{"level":"error","message":"Health check error for http://localhost:3002:","timestamp":"2025-02-21T02:35:37.456Z"}
{"level":"warn","message":"Service main is not healthy at http://localhost:3002","timestamp":"2025-02-21T02:35:37.456Z"}
{"level":"debug","message":"Checking health for service at http://localhost:3002","timestamp":"2025-02-21T02:36:07.666Z"}
{"level":"error","message":"Health check error for http://localhost:3002:","timestamp":"2025-02-21T02:36:07.667Z"}
{"level":"warn","message":"Service main is not healthy at http://localhost:3002","timestamp":"2025-02-21T02:36:07.668Z"}
{"level":"info","message":"API Gateway running in development mode on port 3001","timestamp":"2025-02-21T02:37:24.871Z"}
{"level":"info","message":"API Gateway running in development mode on port 3001","timestamp":"2025-02-21T02:38:27.967Z"}
{"level":"debug","message":"Checking health for service at http://localhost:3002","timestamp":"2025-02-21T02:40:05.196Z"}
{"level":"error","message":"Health check error for http://localhost:3002:","timestamp":"2025-02-21T02:40:05.197Z"}
{"level":"warn","message":"Service main is not healthy at http://localhost:3002","timestamp":"2025-02-21T02:40:05.197Z"}
{"level":"debug","message":"Checking health for service at http://localhost:3002","timestamp":"2025-02-21T02:40:21.910Z"}
{"level":"error","message":"Health check error for http://localhost:3002:","timestamp":"2025-02-21T02:40:21.910Z"}
{"level":"warn","message":"Service main is not healthy at http://localhost:3002","timestamp":"2025-02-21T02:40:21.911Z"}
{"level":"debug","message":"Checking health for service at http://localhost:3002","timestamp":"2025-02-21T02:40:31.611Z"}
{"level":"error","message":"Health check error for http://localhost:3002:","timestamp":"2025-02-21T02:40:31.612Z"}
{"level":"warn","message":"Service main is not healthy at http://localhost:3002","timestamp":"2025-02-21T02:40:31.612Z"}
{"level":"info","message":"API Gateway running in development mode on port 3001","timestamp":"2025-02-21T02:43:33.296Z"}
{"level":"debug","message":"Checking health for service at http://localhost:3002","timestamp":"2025-02-21T02:44:20.504Z"}
{"level":"error","message":"Health check error for http://localhost:3002:","timestamp":"2025-02-21T02:44:20.505Z"}
{"level":"warn","message":"Service main is not healthy at http://localhost:3002","timestamp":"2025-02-21T02:44:20.505Z"}
{"level":"debug","message":"Checking health for service at http://localhost:3002","timestamp":"2025-02-21T02:44:43.950Z"}
{"level":"error","message":"Health check error for http://localhost:3002:","timestamp":"2025-02-21T02:44:43.950Z"}
{"level":"warn","message":"Service main is not healthy at http://localhost:3002","timestamp":"2025-02-21T02:44:43.951Z"}
{"level":"debug","message":"Checking health for service at http://localhost:3002","timestamp":"2025-02-21T02:45:21.162Z"}
{"level":"error","message":"Health check error for http://localhost:3002:","timestamp":"2025-02-21T02:45:21.163Z"}
{"level":"warn","message":"Service main is not healthy at http://localhost:3002","timestamp":"2025-02-21T02:45:21.164Z"}
{"level":"info","message":"API Gateway running in development mode on port 3001","timestamp":"2025-02-21T02:45:32.557Z"}
{"level":"debug","message":"Checking health for service at http://localhost:3002","timestamp":"2025-02-21T02:45:34.469Z"}
{"level":"error","message":"Health check error for http://localhost:3002:","timestamp":"2025-02-21T02:45:34.470Z"}
{"level":"warn","message":"Service main is not healthy at http://localhost:3002","timestamp":"2025-02-21T02:45:34.470Z"}
{"level":"info","message":"API Gateway running in development mode on port 3001","timestamp":"2025-02-21T02:45:47.765Z"}
{"level":"info","message":"API Gateway running in development mode on port 3001","timestamp":"2025-02-21T02:45:51.219Z"}
{"level":"debug","message":"Checking health for service at http://localhost:3002","timestamp":"2025-02-21T02:45:57.564Z"}
{"level":"debug","message":"Making request to: http://localhost:3002/health","timestamp":"2025-02-21T02:45:57.565Z"}
{"error":"fetch is not a function","level":"error","message":"Health check error for http://localhost:3002:","stack":"TypeError: fetch is not a function\n    at checkServiceHealth (/Users/pratik/Desktop/PRAT/FarmDoctor/Backend-JS/api-gateway-service/index.js:125:28)\n    at /Users/pratik/Desktop/PRAT/FarmDoctor/Backend-JS/api-gateway-service/index.js:182:27\n    at Layer.handle [as handle_request] (/Users/pratik/Desktop/PRAT/FarmDoctor/Backend-JS/api-gateway-service/node_modules/express/lib/router/layer.js:95:5)\n    at trim_prefix (/Users/pratik/Desktop/PRAT/FarmDoctor/Backend-JS/api-gateway-service/node_modules/express/lib/router/index.js:328:13)\n    at /Users/pratik/Desktop/PRAT/FarmDoctor/Backend-JS/api-gateway-service/node_modules/express/lib/router/index.js:286:9\n    at param (/Users/pratik/Desktop/PRAT/FarmDoctor/Backend-JS/api-gateway-service/node_modules/express/lib/router/index.js:365:14)\n    at param (/Users/pratik/Desktop/PRAT/FarmDoctor/Backend-JS/api-gateway-service/node_modules/express/lib/router/index.js:376:14)\n    at param (/Users/pratik/Desktop/PRAT/FarmDoctor/Backend-JS/api-gateway-service/node_modules/express/lib/router/index.js:376:14)\n    at Function.process_params (/Users/pratik/Desktop/PRAT/FarmDoctor/Backend-JS/api-gateway-service/node_modules/express/lib/router/index.js:421:3)\n    at next (/Users/pratik/Desktop/PRAT/FarmDoctor/Backend-JS/api-gateway-service/node_modules/express/lib/router/index.js:280:10)","timestamp":"2025-02-21T02:45:57.565Z"}
{"level":"warn","message":"Service main is not healthy at http://localhost:3002","timestamp":"2025-02-21T02:45:57.566Z"}
{"level":"info","message":"API Gateway running in development mode on port 3001","timestamp":"2025-02-21T02:46:49.384Z"}
{"level":"info","message":"API Gateway running in development mode on port 3001","timestamp":"2025-02-21T02:47:09.604Z"}
{"level":"info","message":"Received request for service: main","timestamp":"2025-02-21T02:47:19.083Z"}
{"level":"info","message":"Target URL: http://localhost:3002","timestamp":"2025-02-21T02:47:19.083Z"}
{"level":"error","message":"Health check error for http://localhost:3002: fetch is not a function","timestamp":"2025-02-21T02:47:19.084Z"}
{"level":"info","message":"Health check result for main: false","timestamp":"2025-02-21T02:47:19.084Z"}
{"level":"info","message":"Received request for service: message","timestamp":"2025-02-21T02:47:55.507Z"}
{"level":"info","message":"Target URL: http://localhost:3004","timestamp":"2025-02-21T02:47:55.507Z"}
{"level":"error","message":"Health check error for http://localhost:3004: fetch is not a function","timestamp":"2025-02-21T02:47:55.508Z"}
{"level":"info","message":"Health check result for message: false","timestamp":"2025-02-21T02:47:55.508Z"}
{"level":"info","message":"Received request for service: feed","timestamp":"2025-02-21T02:48:21.823Z"}
{"level":"info","message":"Target URL: http://localhost:3003","timestamp":"2025-02-21T02:48:21.824Z"}
{"level":"error","message":"Health check error for http://localhost:3003: fetch is not a function","timestamp":"2025-02-21T02:48:21.825Z"}
{"level":"info","message":"Health check result for feed: false","timestamp":"2025-02-21T02:48:21.825Z"}
{"level":"info","message":"API Gateway running in development mode on port 3001","timestamp":"2025-02-21T02:48:42.631Z"}
{"level":"debug","message":"Checking health for service at http://localhost:3004","timestamp":"2025-02-21T02:48:44.929Z"}
{"level":"error","message":"Health check error for http://localhost:3004:","timestamp":"2025-02-21T02:48:44.929Z"}
{"level":"warn","message":"Service message is not healthy at http://localhost:3004","timestamp":"2025-02-21T02:48:44.930Z"}
{"level":"debug","message":"Checking health for service at http://localhost:3004","timestamp":"2025-02-21T02:48:45.757Z"}
{"level":"error","message":"Health check error for http://localhost:3004:","timestamp":"2025-02-21T02:48:45.758Z"}
{"level":"warn","message":"Service message is not healthy at http://localhost:3004","timestamp":"2025-02-21T02:48:45.759Z"}
{"level":"debug","message":"Checking health for service at http://localhost:3003","timestamp":"2025-02-21T02:48:48.440Z"}
{"level":"error","message":"Health check error for http://localhost:3003:","timestamp":"2025-02-21T02:48:48.440Z"}
{"level":"warn","message":"Service feed is not healthy at http://localhost:3003","timestamp":"2025-02-21T02:48:48.440Z"}
{"level":"info","message":"main service URL: http://localhost:3002","timestamp":"2025-02-21T02:49:58.205Z"}
{"level":"info","message":"message service URL: http://localhost:3004","timestamp":"2025-02-21T02:49:58.209Z"}
{"level":"info","message":"feed service URL: http://localhost:3003","timestamp":"2025-02-21T02:49:58.209Z"}
{"level":"info","message":"reel service URL: http://localhost:3005","timestamp":"2025-02-21T02:49:58.209Z"}
{"level":"info","message":"API Gateway running in development mode on port 3001","timestamp":"2025-02-21T02:49:58.212Z"}
{"level":"info","message":"Attempting health check for http://localhost:3002","timestamp":"2025-02-21T02:50:21.750Z"}
{"error":"fetch is not a function","level":"error","message":"Health check failed for http://localhost:3002:","timestamp":"2025-02-21T02:50:21.750Z"}
{"level":"warn","message":"Service main is not healthy at http://localhost:3002","timestamp":"2025-02-21T02:50:21.750Z"}
{"level":"info","message":"main service URL: http://localhost:3002","timestamp":"2025-02-21T02:51:03.105Z"}
{"level":"info","message":"message service URL: http://localhost:3004","timestamp":"2025-02-21T02:51:03.107Z"}
{"level":"info","message":"feed service URL: http://localhost:3003","timestamp":"2025-02-21T02:51:03.107Z"}
{"level":"info","message":"reel service URL: http://localhost:3005","timestamp":"2025-02-21T02:51:03.107Z"}
{"level":"info","message":"API Gateway running in development mode on port 3001","timestamp":"2025-02-21T02:51:03.110Z"}
{"MAIN_SERVICE_URL":"http://localhost:3002","NODE_ENV":"development","PORT":"3001","level":"info","message":"Environment loaded:","timestamp":"2025-02-21T02:52:12.571Z"}
{"level":"info","message":"main service URL: http://localhost:3002","timestamp":"2025-02-21T02:52:12.574Z"}
{"level":"info","message":"message service URL: http://localhost:3004","timestamp":"2025-02-21T02:52:12.574Z"}
{"level":"info","message":"feed service URL: http://localhost:3003","timestamp":"2025-02-21T02:52:12.574Z"}
{"level":"info","message":"reel service URL: http://localhost:3005","timestamp":"2025-02-21T02:52:12.574Z"}
{"level":"info","message":"API Gateway running in development mode on port 3001","timestamp":"2025-02-21T02:52:12.577Z"}
{"MAIN_SERVICE_URL":"http://localhost:3002","NODE_ENV":"development","PORT":"3001","level":"info","message":"Environment loaded:","timestamp":"2025-02-21T02:52:33.778Z"}
{"level":"info","message":"main service URL: http://localhost:3002","timestamp":"2025-02-21T02:52:33.781Z"}
{"level":"info","message":"message service URL: http://localhost:3004","timestamp":"2025-02-21T02:52:33.781Z"}
{"level":"info","message":"feed service URL: http://localhost:3003","timestamp":"2025-02-21T02:52:33.781Z"}
{"level":"info","message":"reel service URL: http://localhost:3005","timestamp":"2025-02-21T02:52:33.781Z"}
{"level":"info","message":"API Gateway running in development mode on port 3001","timestamp":"2025-02-21T02:52:33.784Z"}
{"level":"info","message":"Routing request for service: main to http://localhost:3002","timestamp":"2025-02-21T02:52:40.561Z"}
{"MAIN_SERVICE_URL":"http://localhost:3002","NODE_ENV":"development","PORT":"3001","level":"info","message":"Environment loaded:","timestamp":"2025-02-21T02:54:06.551Z"}
{"level":"info","message":"main service URL: http://localhost:3002","timestamp":"2025-02-21T02:54:06.555Z"}
{"level":"info","message":"message service URL: http://localhost:3004","timestamp":"2025-02-21T02:54:06.555Z"}
{"level":"info","message":"feed service URL: http://localhost:3003","timestamp":"2025-02-21T02:54:06.555Z"}
{"level":"info","message":"reel service URL: http://localhost:3005","timestamp":"2025-02-21T02:54:06.555Z"}
{"level":"info","message":"API Gateway running in development mode on port 3001","timestamp":"2025-02-21T02:54:06.559Z"}
{"level":"info","message":"Routing request for service: main to http://localhost:3002","timestamp":"2025-02-21T02:54:32.552Z"}
{"headers":{"accept":"*/*","accept-encoding":"gzip, deflate, br","connection":"keep-alive","cookie":"token=eyJhbGciOiJIUzI1NiIsInR5cCI6IkpXVCJ9.eyJlbWFpbCI6InByYXRpa25pa2F0MDdAZ21haWwuY29tIiwiaWQiOiI2NzU1NGM2ZTlmZDE2ZWY4MGFlOTY4MjgiLCJhY2NvdW50VHlwZSI6ImFkbWluIiwiaWF0IjoxNzQwMDI0MDg3LCJleHAiOjE3NDAxMTA0ODd9.4YqPoF6944ULVgak8-PrVkriVEE6foe58tc4hl3DtWs","host":"localhost:3001","postman-token":"dad246e8-5b31-4733-a1e2-50e07126725c","user-agent":"PostmanRuntime/7.43.0","x-forwarded-for":"::1","x-forwarded-host":"localhost:3001","x-forwarded-port":"3001","x-forwarded-proto":"http"},"level":"debug","message":"Proxy request:","target":"/","timestamp":"2025-02-21T02:54:32.559Z","url":"/"}
{"headers":{"access-control-allow-credentials":"true","access-control-allow-origin":"http://localhost:3001","connection":"close","content-length":"32","content-security-policy":"default-src 'self';base-uri 'self';font-src 'self' https: data:;form-action 'self';frame-ancestors 'self';img-src 'self' data:;object-src 'none';script-src 'self';script-src-attr 'none';style-src 'self' https: 'unsafe-inline';upgrade-insecure-requests","content-type":"application/json; charset=utf-8","cross-origin-opener-policy":"same-origin","cross-origin-resource-policy":"same-origin","date":"Fri, 21 Feb 2025 02:54:32 GMT","etag":"W/\"20-+BKkCMGulYCpux6yRsxzvHMhUTM\"","origin-agent-cluster":"?1","referrer-policy":"no-referrer","strict-transport-security":"max-age=31536000; includeSubDomains","vary":"Origin","x-content-type-options":"nosniff","x-dns-prefetch-control":"off","x-download-options":"noopen","x-frame-options":"SAMEORIGIN","x-permitted-cross-domain-policies":"none","x-ratelimit-limit":"100","x-ratelimit-remaining":"98","x-ratelimit-reset":"1740107277","x-xss-protection":"0"},"level":"debug","message":"Proxy response:","status":200,"timestamp":"2025-02-21T02:54:32.564Z","url":"/"}
{"level":"info","message":"Routing request for service: message to http://localhost:3004","timestamp":"2025-02-21T02:54:49.323Z"}
{"headers":{"accept":"*/*","accept-encoding":"gzip, deflate, br","connection":"keep-alive","content-length":"42","content-type":"application/json","cookie":"token=eyJhbGciOiJIUzI1NiIsInR5cCI6IkpXVCJ9.eyJlbWFpbCI6InByYXRpa25pa2F0MDdAZ21haWwuY29tIiwiaWQiOiI2NzU1NGM2ZTlmZDE2ZWY4MGFlOTY4MjgiLCJhY2NvdW50VHlwZSI6ImFkbWluIiwiaWF0IjoxNzQwMDI0MDg3LCJleHAiOjE3NDAxMTA0ODd9.4YqPoF6944ULVgak8-PrVkriVEE6foe58tc4hl3DtWs","host":"localhost:3001","postman-token":"8e93817b-4004-4c2b-b44d-3d915360f62a","user-agent":"PostmanRuntime/7.43.0","x-forwarded-for":"::1","x-forwarded-host":"localhost:3001","x-forwarded-port":"3001","x-forwarded-proto":"http"},"level":"debug","message":"Proxy request:","target":"/?page=1&limit=20","timestamp":"2025-02-21T02:54:49.326Z","url":"/?page=1&limit=20"}
{"headers":{"connection":"close","content-length":"21","content-type":"application/json; charset=utf-8","cross-origin-opener-policy":"same-origin","cross-origin-resource-policy":"same-origin","date":"Fri, 21 Feb 2025 02:54:49 GMT","etag":"W/\"15-bm7tJgu8FHlq5QU+Y6gDxOGPfRc\"","origin-agent-cluster":"?1","referrer-policy":"no-referrer","strict-transport-security":"max-age=31536000; includeSubDomains","vary":"Accept-Encoding","x-content-type-options":"nosniff","x-dns-prefetch-control":"off","x-download-options":"noopen","x-frame-options":"SAMEORIGIN","x-permitted-cross-domain-policies":"none","x-xss-protection":"0"},"level":"debug","message":"Proxy response:","status":404,"timestamp":"2025-02-21T02:54:49.332Z","url":"/?page=1&limit=20"}
{"level":"info","message":"Routing request for service: feed to http://localhost:3003","timestamp":"2025-02-21T02:55:01.886Z"}
{"headers":{"accept":"*/*","accept-encoding":"gzip, deflate, br","connection":"keep-alive","cookie":"token=eyJhbGciOiJIUzI1NiIsInR5cCI6IkpXVCJ9.eyJlbWFpbCI6InByYXRpa25pa2F0MDdAZ21haWwuY29tIiwiaWQiOiI2NzU1NGM2ZTlmZDE2ZWY4MGFlOTY4MjgiLCJhY2NvdW50VHlwZSI6ImFkbWluIiwiaWF0IjoxNzQwMDI0MDg3LCJleHAiOjE3NDAxMTA0ODd9.4YqPoF6944ULVgak8-PrVkriVEE6foe58tc4hl3DtWs","host":"localhost:3001","postman-token":"db63b82f-8047-4cee-b498-8f853bf1737b","user-agent":"PostmanRuntime/7.43.0","x-forwarded-for":"::1","x-forwarded-host":"localhost:3001","x-forwarded-port":"3001","x-forwarded-proto":"http"},"level":"debug","message":"Proxy request:","target":"/?page=1&limit=10","timestamp":"2025-02-21T02:55:01.887Z","url":"/?page=1&limit=10"}
{"headers":{"access-control-allow-origin":"*","connection":"close","content-length":"139","content-security-policy":"default-src 'none'","content-type":"text/html; charset=utf-8","cross-origin-opener-policy":"same-origin","cross-origin-resource-policy":"same-origin","date":"Fri, 21 Feb 2025 02:55:01 GMT","origin-agent-cluster":"?1","referrer-policy":"no-referrer","strict-transport-security":"max-age=31536000; includeSubDomains","x-content-type-options":"nosniff","x-dns-prefetch-control":"off","x-download-options":"noopen","x-frame-options":"SAMEORIGIN","x-permitted-cross-domain-policies":"none","x-ratelimit-limit":"100","x-ratelimit-remaining":"99","x-ratelimit-reset":"1740107402","x-xss-protection":"0"},"level":"debug","message":"Proxy response:","status":404,"timestamp":"2025-02-21T02:55:01.893Z","url":"/?page=1&limit=10"}
{"MAIN_SERVICE_URL":"http://localhost:3002","NODE_ENV":"development","PORT":"3001","level":"info","message":"Environment loaded:","timestamp":"2025-02-21T02:55:17.391Z"}
{"level":"info","message":"main service URL: http://localhost:3002","timestamp":"2025-02-21T02:55:17.394Z"}
{"level":"info","message":"message service URL: http://localhost:3004","timestamp":"2025-02-21T02:55:17.394Z"}
{"level":"info","message":"feed service URL: http://localhost:3003","timestamp":"2025-02-21T02:55:17.395Z"}
{"level":"info","message":"reel service URL: http://localhost:3005","timestamp":"2025-02-21T02:55:17.395Z"}
{"level":"info","message":"API Gateway running in development mode on port 3001","timestamp":"2025-02-21T02:55:17.397Z"}
{"level":"info","message":"Routing request for service: main to http://localhost:3002","timestamp":"2025-02-21T02:55:22.298Z"}
{"headers":{"accept":"*/*","accept-encoding":"gzip, deflate, br","connection":"keep-alive","cookie":"token=eyJhbGciOiJIUzI1NiIsInR5cCI6IkpXVCJ9.eyJlbWFpbCI6InByYXRpa25pa2F0MDdAZ21haWwuY29tIiwiaWQiOiI2NzU1NGM2ZTlmZDE2ZWY4MGFlOTY4MjgiLCJhY2NvdW50VHlwZSI6ImFkbWluIiwiaWF0IjoxNzQwMDI0MDg3LCJleHAiOjE3NDAxMTA0ODd9.4YqPoF6944ULVgak8-PrVkriVEE6foe58tc4hl3DtWs","host":"localhost:3001","postman-token":"b2fbb5ef-0102-4b0b-b67b-d192a660db9b","user-agent":"PostmanRuntime/7.43.0","x-forwarded-for":"::1","x-forwarded-host":"localhost:3001","x-forwarded-port":"3001","x-forwarded-proto":"http"},"level":"debug","message":"Proxy request:","target":"/","timestamp":"2025-02-21T02:55:22.308Z","url":"/"}
{"headers":{"access-control-allow-credentials":"true","access-control-allow-origin":"http://localhost:3001","connection":"close","content-length":"32","content-security-policy":"default-src 'self';base-uri 'self';font-src 'self' https: data:;form-action 'self';frame-ancestors 'self';img-src 'self' data:;object-src 'none';script-src 'self';script-src-attr 'none';style-src 'self' https: 'unsafe-inline';upgrade-insecure-requests","content-type":"application/json; charset=utf-8","cross-origin-opener-policy":"same-origin","cross-origin-resource-policy":"same-origin","date":"Fri, 21 Feb 2025 02:55:22 GMT","etag":"W/\"20-+BKkCMGulYCpux6yRsxzvHMhUTM\"","origin-agent-cluster":"?1","referrer-policy":"no-referrer","strict-transport-security":"max-age=31536000; includeSubDomains","vary":"Origin","x-content-type-options":"nosniff","x-dns-prefetch-control":"off","x-download-options":"noopen","x-frame-options":"SAMEORIGIN","x-permitted-cross-domain-policies":"none","x-ratelimit-limit":"100","x-ratelimit-remaining":"97","x-ratelimit-reset":"1740107277","x-xss-protection":"0"},"level":"debug","message":"Proxy response:","status":200,"timestamp":"2025-02-21T02:55:22.312Z","url":"/"}
{"level":"info","message":"Routing request for service: message to http://localhost:3004","timestamp":"2025-02-21T02:55:26.150Z"}
{"headers":{"accept":"*/*","accept-encoding":"gzip, deflate, br","connection":"keep-alive","content-length":"42","content-type":"application/json","cookie":"token=eyJhbGciOiJIUzI1NiIsInR5cCI6IkpXVCJ9.eyJlbWFpbCI6InByYXRpa25pa2F0MDdAZ21haWwuY29tIiwiaWQiOiI2NzU1NGM2ZTlmZDE2ZWY4MGFlOTY4MjgiLCJhY2NvdW50VHlwZSI6ImFkbWluIiwiaWF0IjoxNzQwMDI0MDg3LCJleHAiOjE3NDAxMTA0ODd9.4YqPoF6944ULVgak8-PrVkriVEE6foe58tc4hl3DtWs","host":"localhost:3001","postman-token":"40d23f66-1f94-45a3-8aae-58453477c4f6","user-agent":"PostmanRuntime/7.43.0","x-forwarded-for":"::1","x-forwarded-host":"localhost:3001","x-forwarded-port":"3001","x-forwarded-proto":"http"},"level":"debug","message":"Proxy request:","target":"/?page=1&limit=20","timestamp":"2025-02-21T02:55:26.179Z","url":"/?page=1&limit=20"}
{"headers":{"connection":"close","content-length":"21","content-type":"application/json; charset=utf-8","cross-origin-opener-policy":"same-origin","cross-origin-resource-policy":"same-origin","date":"Fri, 21 Feb 2025 02:55:26 GMT","etag":"W/\"15-bm7tJgu8FHlq5QU+Y6gDxOGPfRc\"","origin-agent-cluster":"?1","referrer-policy":"no-referrer","strict-transport-security":"max-age=31536000; includeSubDomains","vary":"Accept-Encoding","x-content-type-options":"nosniff","x-dns-prefetch-control":"off","x-download-options":"noopen","x-frame-options":"SAMEORIGIN","x-permitted-cross-domain-policies":"none","x-xss-protection":"0"},"level":"debug","message":"Proxy response:","status":404,"timestamp":"2025-02-21T02:55:26.181Z","url":"/?page=1&limit=20"}
{"MAIN_SERVICE_URL":"http://localhost:3002","NODE_ENV":"development","PORT":"3001","level":"info","message":"Environment loaded:","timestamp":"2025-02-21T02:55:44.584Z"}
{"level":"info","message":"main service URL: http://localhost:3002","timestamp":"2025-02-21T02:55:44.587Z"}
{"level":"info","message":"message service URL: http://localhost:3004","timestamp":"2025-02-21T02:55:44.587Z"}
{"level":"info","message":"feed service URL: http://localhost:3003","timestamp":"2025-02-21T02:55:44.587Z"}
{"level":"info","message":"reel service URL: http://localhost:3005","timestamp":"2025-02-21T02:55:44.587Z"}
{"level":"info","message":"API Gateway running in development mode on port 3001","timestamp":"2025-02-21T02:55:44.590Z"}
{"MAIN_SERVICE_URL":"http://localhost:3002","NODE_ENV":"development","PORT":"3001","level":"info","message":"Environment loaded:","timestamp":"2025-02-21T02:55:45.147Z"}
{"level":"info","message":"main service URL: http://localhost:3002","timestamp":"2025-02-21T02:55:45.149Z"}
{"level":"info","message":"message service URL: http://localhost:3004","timestamp":"2025-02-21T02:55:45.149Z"}
{"level":"info","message":"feed service URL: http://localhost:3003","timestamp":"2025-02-21T02:55:45.149Z"}
{"level":"info","message":"reel service URL: http://localhost:3005","timestamp":"2025-02-21T02:55:45.150Z"}
{"level":"info","message":"API Gateway running in development mode on port 3001","timestamp":"2025-02-21T02:55:45.152Z"}
{"level":"info","message":"Routing request for service: main to http://localhost:3002","timestamp":"2025-02-21T02:55:48.049Z"}
{"headers":{"accept":"*/*","accept-encoding":"gzip, deflate, br","connection":"keep-alive","cookie":"token=eyJhbGciOiJIUzI1NiIsInR5cCI6IkpXVCJ9.eyJlbWFpbCI6InByYXRpa25pa2F0MDdAZ21haWwuY29tIiwiaWQiOiI2NzU1NGM2ZTlmZDE2ZWY4MGFlOTY4MjgiLCJhY2NvdW50VHlwZSI6ImFkbWluIiwiaWF0IjoxNzQwMDI0MDg3LCJleHAiOjE3NDAxMTA0ODd9.4YqPoF6944ULVgak8-PrVkriVEE6foe58tc4hl3DtWs","host":"localhost:3001","postman-token":"d8485db7-7cc5-46ee-a94c-d4f12e4ab0ea","user-agent":"PostmanRuntime/7.43.0","x-forwarded-for":"::1","x-forwarded-host":"localhost:3001","x-forwarded-port":"3001","x-forwarded-proto":"http"},"level":"debug","message":"Proxy request:","target":"/","timestamp":"2025-02-21T02:55:48.059Z","url":"/"}
{"headers":{"access-control-allow-credentials":"true","access-control-allow-origin":"http://localhost:3001","connection":"close","content-length":"32","content-security-policy":"default-src 'self';base-uri 'self';font-src 'self' https: data:;form-action 'self';frame-ancestors 'self';img-src 'self' data:;object-src 'none';script-src 'self';script-src-attr 'none';style-src 'self' https: 'unsafe-inline';upgrade-insecure-requests","content-type":"application/json; charset=utf-8","cross-origin-opener-policy":"same-origin","cross-origin-resource-policy":"same-origin","date":"Fri, 21 Feb 2025 02:55:48 GMT","etag":"W/\"20-+BKkCMGulYCpux6yRsxzvHMhUTM\"","origin-agent-cluster":"?1","referrer-policy":"no-referrer","strict-transport-security":"max-age=31536000; includeSubDomains","vary":"Origin","x-content-type-options":"nosniff","x-dns-prefetch-control":"off","x-download-options":"noopen","x-frame-options":"SAMEORIGIN","x-permitted-cross-domain-policies":"none","x-ratelimit-limit":"100","x-ratelimit-remaining":"96","x-ratelimit-reset":"1740107277","x-xss-protection":"0"},"level":"debug","message":"Proxy response:","status":200,"timestamp":"2025-02-21T02:55:48.063Z","url":"/"}
{"level":"info","message":"Routing request for service: message to http://localhost:3004","timestamp":"2025-02-21T02:56:23.883Z"}
{"headers":{"accept":"*/*","accept-encoding":"gzip, deflate, br","connection":"keep-alive","content-length":"42","content-type":"application/json","cookie":"token=eyJhbGciOiJIUzI1NiIsInR5cCI6IkpXVCJ9.eyJlbWFpbCI6InByYXRpa25pa2F0MDdAZ21haWwuY29tIiwiaWQiOiI2NzU1NGM2ZTlmZDE2ZWY4MGFlOTY4MjgiLCJhY2NvdW50VHlwZSI6ImFkbWluIiwiaWF0IjoxNzQwMDI0MDg3LCJleHAiOjE3NDAxMTA0ODd9.4YqPoF6944ULVgak8-PrVkriVEE6foe58tc4hl3DtWs","host":"localhost:3001","postman-token":"091d4841-269c-45b2-a3ed-8406b2670165","user-agent":"PostmanRuntime/7.43.0","x-forwarded-for":"::1","x-forwarded-host":"localhost:3001","x-forwarded-port":"3001","x-forwarded-proto":"http"},"level":"debug","message":"Proxy request:","target":"/?page=1&limit=20","timestamp":"2025-02-21T02:56:23.884Z","url":"/?page=1&limit=20"}
{"headers":{"connection":"close","content-length":"21","content-type":"application/json; charset=utf-8","cross-origin-opener-policy":"same-origin","cross-origin-resource-policy":"same-origin","date":"Fri, 21 Feb 2025 02:56:23 GMT","etag":"W/\"15-bm7tJgu8FHlq5QU+Y6gDxOGPfRc\"","origin-agent-cluster":"?1","referrer-policy":"no-referrer","strict-transport-security":"max-age=31536000; includeSubDomains","vary":"Accept-Encoding","x-content-type-options":"nosniff","x-dns-prefetch-control":"off","x-download-options":"noopen","x-frame-options":"SAMEORIGIN","x-permitted-cross-domain-policies":"none","x-xss-protection":"0"},"level":"debug","message":"Proxy response:","status":404,"timestamp":"2025-02-21T02:56:23.885Z","url":"/?page=1&limit=20"}
{"level":"info","message":"Routing request for service: message to http://localhost:3004","timestamp":"2025-02-21T02:56:35.283Z"}
{"headers":{"accept":"*/*","accept-encoding":"gzip, deflate, br","connection":"keep-alive","content-length":"42","content-type":"application/json","cookie":"token=eyJhbGciOiJIUzI1NiIsInR5cCI6IkpXVCJ9.eyJlbWFpbCI6InByYXRpa25pa2F0MDdAZ21haWwuY29tIiwiaWQiOiI2NzU1NGM2ZTlmZDE2ZWY4MGFlOTY4MjgiLCJhY2NvdW50VHlwZSI6ImFkbWluIiwiaWF0IjoxNzQwMDI0MDg3LCJleHAiOjE3NDAxMTA0ODd9.4YqPoF6944ULVgak8-PrVkriVEE6foe58tc4hl3DtWs","host":"localhost:3001","postman-token":"a8b6a7a6-950c-4108-a320-738f562caaa3","user-agent":"PostmanRuntime/7.43.0","x-forwarded-for":"::1","x-forwarded-host":"localhost:3001","x-forwarded-port":"3001","x-forwarded-proto":"http"},"level":"debug","message":"Proxy request:","target":"/?page=1&limit=20","timestamp":"2025-02-21T02:56:35.284Z","url":"/?page=1&limit=20"}
{"headers":{"connection":"close","content-length":"21","content-type":"application/json; charset=utf-8","cross-origin-opener-policy":"same-origin","cross-origin-resource-policy":"same-origin","date":"Fri, 21 Feb 2025 02:56:35 GMT","etag":"W/\"15-bm7tJgu8FHlq5QU+Y6gDxOGPfRc\"","origin-agent-cluster":"?1","referrer-policy":"no-referrer","strict-transport-security":"max-age=31536000; includeSubDomains","vary":"Accept-Encoding","x-content-type-options":"nosniff","x-dns-prefetch-control":"off","x-download-options":"noopen","x-frame-options":"SAMEORIGIN","x-permitted-cross-domain-policies":"none","x-xss-protection":"0"},"level":"debug","message":"Proxy response:","status":404,"timestamp":"2025-02-21T02:56:35.288Z","url":"/?page=1&limit=20"}
{"level":"info","message":"Routing request for service: message to http://localhost:3004","timestamp":"2025-02-21T02:56:37.936Z"}
{"headers":{"accept":"*/*","accept-encoding":"gzip, deflate, br","connection":"keep-alive","content-length":"42","content-type":"application/json","cookie":"token=eyJhbGciOiJIUzI1NiIsInR5cCI6IkpXVCJ9.eyJlbWFpbCI6InByYXRpa25pa2F0MDdAZ21haWwuY29tIiwiaWQiOiI2NzU1NGM2ZTlmZDE2ZWY4MGFlOTY4MjgiLCJhY2NvdW50VHlwZSI6ImFkbWluIiwiaWF0IjoxNzQwMDI0MDg3LCJleHAiOjE3NDAxMTA0ODd9.4YqPoF6944ULVgak8-PrVkriVEE6foe58tc4hl3DtWs","host":"localhost:3001","postman-token":"2d391094-a2b1-4e8b-a7cb-baf3bbc9e092","user-agent":"PostmanRuntime/7.43.0","x-forwarded-for":"::1","x-forwarded-host":"localhost:3001","x-forwarded-port":"3001","x-forwarded-proto":"http"},"level":"debug","message":"Proxy request:","target":"/?page=1&limit=20","timestamp":"2025-02-21T02:56:37.937Z","url":"/?page=1&limit=20"}
{"headers":{"connection":"close","content-length":"21","content-type":"application/json; charset=utf-8","cross-origin-opener-policy":"same-origin","cross-origin-resource-policy":"same-origin","date":"Fri, 21 Feb 2025 02:56:37 GMT","etag":"W/\"15-bm7tJgu8FHlq5QU+Y6gDxOGPfRc\"","origin-agent-cluster":"?1","referrer-policy":"no-referrer","strict-transport-security":"max-age=31536000; includeSubDomains","vary":"Accept-Encoding","x-content-type-options":"nosniff","x-dns-prefetch-control":"off","x-download-options":"noopen","x-frame-options":"SAMEORIGIN","x-permitted-cross-domain-policies":"none","x-xss-protection":"0"},"level":"debug","message":"Proxy response:","status":404,"timestamp":"2025-02-21T02:56:37.942Z","url":"/?page=1&limit=20"}
{"level":"info","message":"Routing request for service: message to http://localhost:3004","timestamp":"2025-02-21T02:56:50.253Z"}
{"headers":{"accept":"*/*","accept-encoding":"gzip, deflate, br","connection":"keep-alive","content-length":"42","content-type":"application/json","cookie":"token=eyJhbGciOiJIUzI1NiIsInR5cCI6IkpXVCJ9.eyJlbWFpbCI6InByYXRpa25pa2F0MDdAZ21haWwuY29tIiwiaWQiOiI2NzU1NGM2ZTlmZDE2ZWY4MGFlOTY4MjgiLCJhY2NvdW50VHlwZSI6ImFkbWluIiwiaWF0IjoxNzQwMDI0MDg3LCJleHAiOjE3NDAxMTA0ODd9.4YqPoF6944ULVgak8-PrVkriVEE6foe58tc4hl3DtWs","host":"localhost:3001","postman-token":"c2971bd9-5d5a-4266-8069-e64ab4fd3239","user-agent":"PostmanRuntime/7.43.0","x-forwarded-for":"::1","x-forwarded-host":"localhost:3001","x-forwarded-port":"3001","x-forwarded-proto":"http"},"level":"debug","message":"Proxy request:","target":"/?page=1&limit=20","timestamp":"2025-02-21T02:56:50.254Z","url":"/?page=1&limit=20"}
{"headers":{"connection":"close","content-length":"21","content-type":"application/json; charset=utf-8","cross-origin-opener-policy":"same-origin","cross-origin-resource-policy":"same-origin","date":"Fri, 21 Feb 2025 02:56:50 GMT","etag":"W/\"15-bm7tJgu8FHlq5QU+Y6gDxOGPfRc\"","origin-agent-cluster":"?1","referrer-policy":"no-referrer","strict-transport-security":"max-age=31536000; includeSubDomains","vary":"Accept-Encoding","x-content-type-options":"nosniff","x-dns-prefetch-control":"off","x-download-options":"noopen","x-frame-options":"SAMEORIGIN","x-permitted-cross-domain-policies":"none","x-xss-protection":"0"},"level":"debug","message":"Proxy response:","status":404,"timestamp":"2025-02-21T02:56:50.258Z","url":"/?page=1&limit=20"}
{"level":"info","message":"Routing request for service: main to http://localhost:3002","timestamp":"2025-02-21T02:56:56.942Z"}
{"headers":{"accept":"*/*","accept-encoding":"gzip, deflate, br","connection":"keep-alive","content-length":"64","content-type":"application/json","cookie":"token=eyJhbGciOiJIUzI1NiIsInR5cCI6IkpXVCJ9.eyJlbWFpbCI6InByYXRpa25pa2F0MDdAZ21haWwuY29tIiwiaWQiOiI2NzU1NGM2ZTlmZDE2ZWY4MGFlOTY4MjgiLCJhY2NvdW50VHlwZSI6ImFkbWluIiwiaWF0IjoxNzQwMDI0MDg3LCJleHAiOjE3NDAxMTA0ODd9.4YqPoF6944ULVgak8-PrVkriVEE6foe58tc4hl3DtWs","host":"localhost:3001","postman-token":"95a02814-8121-485e-8921-f8d1ad65426a","user-agent":"PostmanRuntime/7.43.0","x-forwarded-for":"::1","x-forwarded-host":"localhost:3001","x-forwarded-port":"3001","x-forwarded-proto":"http"},"level":"debug","message":"Proxy request:","target":"/","timestamp":"2025-02-21T02:56:56.944Z","url":"/"}
{"headers":{"access-control-allow-credentials":"true","access-control-allow-origin":"http://localhost:3001","connection":"close","content-length":"140","content-security-policy":"default-src 'none'","content-type":"text/html; charset=utf-8","cross-origin-opener-policy":"same-origin","cross-origin-resource-policy":"same-origin","date":"Fri, 21 Feb 2025 02:56:56 GMT","origin-agent-cluster":"?1","referrer-policy":"no-referrer","strict-transport-security":"max-age=31536000; includeSubDomains","vary":"Origin","x-content-type-options":"nosniff","x-dns-prefetch-control":"off","x-download-options":"noopen","x-frame-options":"SAMEORIGIN","x-permitted-cross-domain-policies":"none","x-ratelimit-limit":"100","x-ratelimit-remaining":"95","x-ratelimit-reset":"1740107277","x-xss-protection":"0"},"level":"debug","message":"Proxy response:","status":404,"timestamp":"2025-02-21T02:56:56.964Z","url":"/"}
{"level":"info","message":"Routing request for service: main to http://localhost:3002","timestamp":"2025-02-21T02:57:09.188Z"}
{"headers":{"accept":"*/*","accept-encoding":"gzip, deflate, br","connection":"keep-alive","cookie":"token=eyJhbGciOiJIUzI1NiIsInR5cCI6IkpXVCJ9.eyJlbWFpbCI6InByYXRpa25pa2F0MDdAZ21haWwuY29tIiwiaWQiOiI2NzU1NGM2ZTlmZDE2ZWY4MGFlOTY4MjgiLCJhY2NvdW50VHlwZSI6ImFkbWluIiwiaWF0IjoxNzQwMDI0MDg3LCJleHAiOjE3NDAxMTA0ODd9.4YqPoF6944ULVgak8-PrVkriVEE6foe58tc4hl3DtWs","host":"localhost:3001","postman-token":"8c9fa59a-12cd-4ce7-bf16-eacbf61b698a","user-agent":"PostmanRuntime/7.43.0","x-forwarded-for":"::1","x-forwarded-host":"localhost:3001","x-forwarded-port":"3001","x-forwarded-proto":"http"},"level":"debug","message":"Proxy request:","target":"/","timestamp":"2025-02-21T02:57:09.189Z","url":"/"}
{"headers":{"access-control-allow-credentials":"true","access-control-allow-origin":"http://localhost:3001","connection":"close","content-length":"32","content-security-policy":"default-src 'self';base-uri 'self';font-src 'self' https: data:;form-action 'self';frame-ancestors 'self';img-src 'self' data:;object-src 'none';script-src 'self';script-src-attr 'none';style-src 'self' https: 'unsafe-inline';upgrade-insecure-requests","content-type":"application/json; charset=utf-8","cross-origin-opener-policy":"same-origin","cross-origin-resource-policy":"same-origin","date":"Fri, 21 Feb 2025 02:57:09 GMT","etag":"W/\"20-+BKkCMGulYCpux6yRsxzvHMhUTM\"","origin-agent-cluster":"?1","referrer-policy":"no-referrer","strict-transport-security":"max-age=31536000; includeSubDomains","vary":"Origin","x-content-type-options":"nosniff","x-dns-prefetch-control":"off","x-download-options":"noopen","x-frame-options":"SAMEORIGIN","x-permitted-cross-domain-policies":"none","x-ratelimit-limit":"100","x-ratelimit-remaining":"94","x-ratelimit-reset":"1740107277","x-xss-protection":"0"},"level":"debug","message":"Proxy response:","status":200,"timestamp":"2025-02-21T02:57:09.192Z","url":"/"}
{"level":"info","message":"API Gateway running in development mode on port 3001","timestamp":"2025-02-21T02:59:19.250Z"}
{"body":{},"headers":{"accept":"*/*","accept-encoding":"gzip, deflate, br","connection":"keep-alive","cookie":"token=eyJhbGciOiJIUzI1NiIsInR5cCI6IkpXVCJ9.eyJlbWFpbCI6InByYXRpa25pa2F0MDdAZ21haWwuY29tIiwiaWQiOiI2NzU1NGM2ZTlmZDE2ZWY4MGFlOTY4MjgiLCJhY2NvdW50VHlwZSI6ImFkbWluIiwiaWF0IjoxNzQwMDI0MDg3LCJleHAiOjE3NDAxMTA0ODd9.4YqPoF6944ULVgak8-PrVkriVEE6foe58tc4hl3DtWs","host":"localhost:3001","postman-token":"277fabce-3632-4d20-86b3-d3ae28956200","user-agent":"PostmanRuntime/7.43.0"},"level":"info","message":"[Request] GET /api/main/crop-calendar/crops","timestamp":"2025-02-21T02:59:23.701Z"}
{"body":{"userId":"67554c6e9fd16ef80ae96828"},"headers":{"accept":"*/*","accept-encoding":"gzip, deflate, br","connection":"keep-alive","content-length":"42","content-type":"application/json","cookie":"token=eyJhbGciOiJIUzI1NiIsInR5cCI6IkpXVCJ9.eyJlbWFpbCI6InByYXRpa25pa2F0MDdAZ21haWwuY29tIiwiaWQiOiI2NzU1NGM2ZTlmZDE2ZWY4MGFlOTY4MjgiLCJhY2NvdW50VHlwZSI6ImFkbWluIiwiaWF0IjoxNzQwMDI0MDg3LCJleHAiOjE3NDAxMTA0ODd9.4YqPoF6944ULVgak8-PrVkriVEE6foe58tc4hl3DtWs","host":"localhost:3001","postman-token":"56aec4b4-9b7f-41a5-97ea-e715fdf82dd5","user-agent":"PostmanRuntime/7.43.0"},"level":"info","message":"[Request] POST /api/message/api/chat/list?page=1&limit=20","timestamp":"2025-02-21T02:59:32.240Z"}
{"body":{},"headers":{"accept":"*/*","accept-encoding":"gzip, deflate, br","connection":"keep-alive","cookie":"token=eyJhbGciOiJIUzI1NiIsInR5cCI6IkpXVCJ9.eyJlbWFpbCI6InByYXRpa25pa2F0MDdAZ21haWwuY29tIiwiaWQiOiI2NzU1NGM2ZTlmZDE2ZWY4MGFlOTY4MjgiLCJhY2NvdW50VHlwZSI6ImFkbWluIiwiaWF0IjoxNzQwMDI0MDg3LCJleHAiOjE3NDAxMTA0ODd9.4YqPoF6944ULVgak8-PrVkriVEE6foe58tc4hl3DtWs","host":"localhost:3001","postman-token":"5478823e-5f8a-4725-a2cd-620747fbd695","user-agent":"PostmanRuntime/7.43.0"},"level":"info","message":"[Request] GET /api/main/health","timestamp":"2025-02-21T02:59:38.767Z"}
{"body":{"email":"pratiknikat07@gmail.com","password":"1234"},"headers":{"accept":"*/*","accept-encoding":"gzip, deflate, br","connection":"keep-alive","content-length":"64","content-type":"application/json","cookie":"token=eyJhbGciOiJIUzI1NiIsInR5cCI6IkpXVCJ9.eyJlbWFpbCI6InByYXRpa25pa2F0MDdAZ21haWwuY29tIiwiaWQiOiI2NzU1NGM2ZTlmZDE2ZWY4MGFlOTY4MjgiLCJhY2NvdW50VHlwZSI6ImFkbWluIiwiaWF0IjoxNzQwMDI0MDg3LCJleHAiOjE3NDAxMTA0ODd9.4YqPoF6944ULVgak8-PrVkriVEE6foe58tc4hl3DtWs","host":"localhost:3001","postman-token":"6bebf8fa-017a-488a-8217-6830feee0d28","user-agent":"PostmanRuntime/7.43.0"},"level":"info","message":"[Request] POST /api/main/auth/login","timestamp":"2025-02-21T03:00:03.354Z"}
{"level":"info","message":"API Gateway running in development mode on port 3001","timestamp":"2025-02-21T03:00:52.595Z"}
{"body":{"email":"pratiknikat07@gmail.com","password":"1234"},"headers":{"accept":"*/*","accept-encoding":"gzip, deflate, br","connection":"keep-alive","content-length":"64","content-type":"application/json","cookie":"token=eyJhbGciOiJIUzI1NiIsInR5cCI6IkpXVCJ9.eyJlbWFpbCI6InByYXRpa25pa2F0MDdAZ21haWwuY29tIiwiaWQiOiI2NzU1NGM2ZTlmZDE2ZWY4MGFlOTY4MjgiLCJhY2NvdW50VHlwZSI6ImFkbWluIiwiaWF0IjoxNzQwMDI0MDg3LCJleHAiOjE3NDAxMTA0ODd9.4YqPoF6944ULVgak8-PrVkriVEE6foe58tc4hl3DtWs","host":"localhost:3001","postman-token":"6cdd24ba-a1df-49a2-898b-b796df4e15ba","user-agent":"PostmanRuntime/7.43.0"},"level":"info","message":"[Request] POST /api/main/auth/login","timestamp":"2025-02-21T03:01:02.326Z"}
{"body":{"email":"pratiknikat07@gmail.com","password":"1234"},"headers":{"accept":"*/*","accept-encoding":"gzip, deflate, br","connection":"keep-alive","content-length":"64","content-type":"application/json","cookie":"token=eyJhbGciOiJIUzI1NiIsInR5cCI6IkpXVCJ9.eyJlbWFpbCI6InByYXRpa25pa2F0MDdAZ21haWwuY29tIiwiaWQiOiI2NzU1NGM2ZTlmZDE2ZWY4MGFlOTY4MjgiLCJhY2NvdW50VHlwZSI6ImFkbWluIiwiaWF0IjoxNzQwMDI0MDg3LCJleHAiOjE3NDAxMTA0ODd9.4YqPoF6944ULVgak8-PrVkriVEE6foe58tc4hl3DtWs","host":"localhost:3001","postman-token":"6cdd24ba-a1df-49a2-898b-b796df4e15ba","user-agent":"PostmanRuntime/7.43.0"},"level":"debug","message":"Incoming request:","method":"POST","timestamp":"2025-02-21T03:01:02.326Z","url":"/api/main/auth/login"}
{"body":{},"headers":{"accept":"*/*","accept-encoding":"gzip, deflate, br","connection":"keep-alive","cookie":"token=eyJhbGciOiJIUzI1NiIsInR5cCI6IkpXVCJ9.eyJlbWFpbCI6InByYXRpa25pa2F0MDdAZ21haWwuY29tIiwiaWQiOiI2NzU1NGM2ZTlmZDE2ZWY4MGFlOTY4MjgiLCJhY2NvdW50VHlwZSI6ImFkbWluIiwiaWF0IjoxNzQwMDI0MDg3LCJleHAiOjE3NDAxMTA0ODd9.4YqPoF6944ULVgak8-PrVkriVEE6foe58tc4hl3DtWs","host":"localhost:3001","postman-token":"dfeaf8a9-7718-4f9c-b29a-99f7bbea508a","user-agent":"PostmanRuntime/7.43.0"},"level":"info","message":"[Request] GET /api/main/health","timestamp":"2025-02-21T03:01:10.403Z"}
{"body":{},"headers":{"accept":"*/*","accept-encoding":"gzip, deflate, br","connection":"keep-alive","cookie":"token=eyJhbGciOiJIUzI1NiIsInR5cCI6IkpXVCJ9.eyJlbWFpbCI6InByYXRpa25pa2F0MDdAZ21haWwuY29tIiwiaWQiOiI2NzU1NGM2ZTlmZDE2ZWY4MGFlOTY4MjgiLCJhY2NvdW50VHlwZSI6ImFkbWluIiwiaWF0IjoxNzQwMDI0MDg3LCJleHAiOjE3NDAxMTA0ODd9.4YqPoF6944ULVgak8-PrVkriVEE6foe58tc4hl3DtWs","host":"localhost:3001","postman-token":"dfeaf8a9-7718-4f9c-b29a-99f7bbea508a","user-agent":"PostmanRuntime/7.43.0"},"level":"debug","message":"Incoming request:","method":"GET","timestamp":"2025-02-21T03:01:10.404Z","url":"/api/main/health"}
{"level":"info","message":"API Gateway running in development mode on port 3001","timestamp":"2025-02-21T03:02:02.008Z"}
{"body":{},"headers":{"accept":"*/*","accept-encoding":"gzip, deflate, br","connection":"keep-alive","cookie":"token=eyJhbGciOiJIUzI1NiIsInR5cCI6IkpXVCJ9.eyJlbWFpbCI6InByYXRpa25pa2F0MDdAZ21haWwuY29tIiwiaWQiOiI2NzU1NGM2ZTlmZDE2ZWY4MGFlOTY4MjgiLCJhY2NvdW50VHlwZSI6ImFkbWluIiwiaWF0IjoxNzQwMDI0MDg3LCJleHAiOjE3NDAxMTA0ODd9.4YqPoF6944ULVgak8-PrVkriVEE6foe58tc4hl3DtWs","host":"localhost:3001","postman-token":"81d63485-3260-4d08-8dba-1cf278bd5be7","user-agent":"PostmanRuntime/7.43.0"},"level":"info","message":"[Request] GET /api/main/health","timestamp":"2025-02-21T03:02:08.951Z"}
{"body":{},"headers":{"accept":"*/*","accept-encoding":"gzip, deflate, br","connection":"keep-alive","cookie":"token=eyJhbGciOiJIUzI1NiIsInR5cCI6IkpXVCJ9.eyJlbWFpbCI6InByYXRpa25pa2F0MDdAZ21haWwuY29tIiwiaWQiOiI2NzU1NGM2ZTlmZDE2ZWY4MGFlOTY4MjgiLCJhY2NvdW50VHlwZSI6ImFkbWluIiwiaWF0IjoxNzQwMDI0MDg3LCJleHAiOjE3NDAxMTA0ODd9.4YqPoF6944ULVgak8-PrVkriVEE6foe58tc4hl3DtWs","host":"localhost:3001","postman-token":"81d63485-3260-4d08-8dba-1cf278bd5be7","user-agent":"PostmanRuntime/7.43.0"},"level":"debug","message":"Incoming request:","method":"GET","timestamp":"2025-02-21T03:02:08.951Z","url":"/api/main/health"}
{"body":{"email":"pratiknikat07@gmail.com","password":"1234"},"headers":{"accept":"*/*","accept-encoding":"gzip, deflate, br","connection":"keep-alive","content-length":"64","content-type":"application/json","cookie":"token=eyJhbGciOiJIUzI1NiIsInR5cCI6IkpXVCJ9.eyJlbWFpbCI6InByYXRpa25pa2F0MDdAZ21haWwuY29tIiwiaWQiOiI2NzU1NGM2ZTlmZDE2ZWY4MGFlOTY4MjgiLCJhY2NvdW50VHlwZSI6ImFkbWluIiwiaWF0IjoxNzQwMDI0MDg3LCJleHAiOjE3NDAxMTA0ODd9.4YqPoF6944ULVgak8-PrVkriVEE6foe58tc4hl3DtWs","host":"localhost:3001","postman-token":"7cc750d0-7066-4b4b-b0e3-20d96eb94192","user-agent":"PostmanRuntime/7.43.0"},"level":"info","message":"[Request] POST /api/main/auth/login","timestamp":"2025-02-21T03:02:12.009Z"}
{"body":{"email":"pratiknikat07@gmail.com","password":"1234"},"headers":{"accept":"*/*","accept-encoding":"gzip, deflate, br","connection":"keep-alive","content-length":"64","content-type":"application/json","cookie":"token=eyJhbGciOiJIUzI1NiIsInR5cCI6IkpXVCJ9.eyJlbWFpbCI6InByYXRpa25pa2F0MDdAZ21haWwuY29tIiwiaWQiOiI2NzU1NGM2ZTlmZDE2ZWY4MGFlOTY4MjgiLCJhY2NvdW50VHlwZSI6ImFkbWluIiwiaWF0IjoxNzQwMDI0MDg3LCJleHAiOjE3NDAxMTA0ODd9.4YqPoF6944ULVgak8-PrVkriVEE6foe58tc4hl3DtWs","host":"localhost:3001","postman-token":"7cc750d0-7066-4b4b-b0e3-20d96eb94192","user-agent":"PostmanRuntime/7.43.0"},"level":"debug","message":"Incoming request:","method":"POST","timestamp":"2025-02-21T03:02:12.010Z","url":"/api/main/auth/login"}
{"body":{},"headers":{"accept":"*/*","accept-encoding":"gzip, deflate, br","connection":"keep-alive","cookie":"token=eyJhbGciOiJIUzI1NiIsInR5cCI6IkpXVCJ9.eyJlbWFpbCI6InByYXRpa25pa2F0MDdAZ21haWwuY29tIiwiaWQiOiI2NzU1NGM2ZTlmZDE2ZWY4MGFlOTY4MjgiLCJhY2NvdW50VHlwZSI6ImFkbWluIiwiaWF0IjoxNzQwMDI0MDg3LCJleHAiOjE3NDAxMTA0ODd9.4YqPoF6944ULVgak8-PrVkriVEE6foe58tc4hl3DtWs","host":"localhost:3001","postman-token":"4cd0ad68-0822-4791-b5ff-0ebbad3588ee","user-agent":"PostmanRuntime/7.43.0"},"level":"info","message":"[Request] GET /api/main/crop-calendar/crops","timestamp":"2025-02-21T03:02:18.931Z"}
{"body":{},"headers":{"accept":"*/*","accept-encoding":"gzip, deflate, br","connection":"keep-alive","cookie":"token=eyJhbGciOiJIUzI1NiIsInR5cCI6IkpXVCJ9.eyJlbWFpbCI6InByYXRpa25pa2F0MDdAZ21haWwuY29tIiwiaWQiOiI2NzU1NGM2ZTlmZDE2ZWY4MGFlOTY4MjgiLCJhY2NvdW50VHlwZSI6ImFkbWluIiwiaWF0IjoxNzQwMDI0MDg3LCJleHAiOjE3NDAxMTA0ODd9.4YqPoF6944ULVgak8-PrVkriVEE6foe58tc4hl3DtWs","host":"localhost:3001","postman-token":"4cd0ad68-0822-4791-b5ff-0ebbad3588ee","user-agent":"PostmanRuntime/7.43.0"},"level":"debug","message":"Incoming request:","method":"GET","timestamp":"2025-02-21T03:02:18.932Z","url":"/api/main/crop-calendar/crops"}
{"body":{"activities":[{"activityId":"676e1a0abb99137976049e96","importance":"Critical","instructions":"Plow the field to 15cm depth","timing":{"recommendedTime":"Morning","week":1}}],"cropId":"676e19dbbb99137976049e93","expectedOutcomes":{"growth":"Seedling emergence in 5-7 days","signs":["Uniform germination","Healthy green color"]},"growthStage":"Sowing","month":6,"nextMonthPreparation":["Prepare fertilizers","Plan irrigation"],"possibleIssues":[{"preventiveMeasures":["Use quality seeds","Maintain proper depth"],"problem":"Poor germination","solution":"Resow seeds"}],"tips":["Monitor water level","Check for pests"],"weatherConsiderations":{"humidity":"High","idealTemperature":{"max":35,"min":25},"rainfall":"Moderate"}},"headers":{"accept":"*/*","accept-encoding":"gzip, deflate, br","connection":"keep-alive","content-length":"1072","content-type":"application/json","cookie":"token=eyJhbGciOiJIUzI1NiIsInR5cCI6IkpXVCJ9.eyJlbWFpbCI6InByYXRpa25pa2F0MDdAZ21haWwuY29tIiwiaWQiOiI2NzU1NGM2ZTlmZDE2ZWY4MGFlOTY4MjgiLCJhY2NvdW50VHlwZSI6ImFkbWluIiwiaWF0IjoxNzQwMDI0MDg3LCJleHAiOjE3NDAxMTA0ODd9.4YqPoF6944ULVgak8-PrVkriVEE6foe58tc4hl3DtWs","host":"localhost:3001","postman-token":"b435551c-c4c0-4fcd-80d6-cd9973dd9f73","user-agent":"PostmanRuntime/7.43.0"},"level":"info","message":"[Request] GET /api/main/crop-calendar/calendar/676e19dbbb99137976049e93/6","timestamp":"2025-02-21T03:02:22.115Z"}
{"body":{"activities":[{"activityId":"676e1a0abb99137976049e96","importance":"Critical","instructions":"Plow the field to 15cm depth","timing":{"recommendedTime":"Morning","week":1}}],"cropId":"676e19dbbb99137976049e93","expectedOutcomes":{"growth":"Seedling emergence in 5-7 days","signs":["Uniform germination","Healthy green color"]},"growthStage":"Sowing","month":6,"nextMonthPreparation":["Prepare fertilizers","Plan irrigation"],"possibleIssues":[{"preventiveMeasures":["Use quality seeds","Maintain proper depth"],"problem":"Poor germination","solution":"Resow seeds"}],"tips":["Monitor water level","Check for pests"],"weatherConsiderations":{"humidity":"High","idealTemperature":{"max":35,"min":25},"rainfall":"Moderate"}},"headers":{"accept":"*/*","accept-encoding":"gzip, deflate, br","connection":"keep-alive","content-length":"1072","content-type":"application/json","cookie":"token=eyJhbGciOiJIUzI1NiIsInR5cCI6IkpXVCJ9.eyJlbWFpbCI6InByYXRpa25pa2F0MDdAZ21haWwuY29tIiwiaWQiOiI2NzU1NGM2ZTlmZDE2ZWY4MGFlOTY4MjgiLCJhY2NvdW50VHlwZSI6ImFkbWluIiwiaWF0IjoxNzQwMDI0MDg3LCJleHAiOjE3NDAxMTA0ODd9.4YqPoF6944ULVgak8-PrVkriVEE6foe58tc4hl3DtWs","host":"localhost:3001","postman-token":"b435551c-c4c0-4fcd-80d6-cd9973dd9f73","user-agent":"PostmanRuntime/7.43.0"},"level":"debug","message":"Incoming request:","method":"GET","timestamp":"2025-02-21T03:02:22.115Z","url":"/api/main/crop-calendar/calendar/676e19dbbb99137976049e93/6"}
{"level":"info","message":"API Gateway running in development mode on port 3001","timestamp":"2025-02-21T03:02:46.179Z"}
{"body":{},"headers":{"accept":"*/*","accept-encoding":"gzip, deflate, br","connection":"keep-alive","cookie":"token=eyJhbGciOiJIUzI1NiIsInR5cCI6IkpXVCJ9.eyJlbWFpbCI6InByYXRpa25pa2F0MDdAZ21haWwuY29tIiwiaWQiOiI2NzU1NGM2ZTlmZDE2ZWY4MGFlOTY4MjgiLCJhY2NvdW50VHlwZSI6ImFkbWluIiwiaWF0IjoxNzQwMDI0MDg3LCJleHAiOjE3NDAxMTA0ODd9.4YqPoF6944ULVgak8-PrVkriVEE6foe58tc4hl3DtWs","host":"localhost:3001","postman-token":"220f3030-32d2-4c07-9c2e-68634d3dc5dd","user-agent":"PostmanRuntime/7.43.0"},"level":"info","message":"[Request] GET /api/main/crop-calendar/search?search=rice&season=Kharif&page=1&limit=10","timestamp":"2025-02-21T03:02:47.743Z"}
{"body":{},"headers":{"accept":"*/*","accept-encoding":"gzip, deflate, br","connection":"keep-alive","cookie":"token=eyJhbGciOiJIUzI1NiIsInR5cCI6IkpXVCJ9.eyJlbWFpbCI6InByYXRpa25pa2F0MDdAZ21haWwuY29tIiwiaWQiOiI2NzU1NGM2ZTlmZDE2ZWY4MGFlOTY4MjgiLCJhY2NvdW50VHlwZSI6ImFkbWluIiwiaWF0IjoxNzQwMDI0MDg3LCJleHAiOjE3NDAxMTA0ODd9.4YqPoF6944ULVgak8-PrVkriVEE6foe58tc4hl3DtWs","host":"localhost:3001","postman-token":"220f3030-32d2-4c07-9c2e-68634d3dc5dd","user-agent":"PostmanRuntime/7.43.0"},"level":"debug","message":"Incoming request:","method":"GET","timestamp":"2025-02-21T03:02:47.744Z","url":"/api/main/crop-calendar/search?search=rice&season=Kharif&page=1&limit=10"}
{"body":{},"headers":{"accept":"*/*","accept-encoding":"gzip, deflate, br","connection":"keep-alive","cookie":"token=eyJhbGciOiJIUzI1NiIsInR5cCI6IkpXVCJ9.eyJlbWFpbCI6InByYXRpa25pa2F0MDdAZ21haWwuY29tIiwiaWQiOiI2NzU1NGM2ZTlmZDE2ZWY4MGFlOTY4MjgiLCJhY2NvdW50VHlwZSI6ImFkbWluIiwiaWF0IjoxNzQwMDI0MDg3LCJleHAiOjE3NDAxMTA0ODd9.4YqPoF6944ULVgak8-PrVkriVEE6foe58tc4hl3DtWs","host":"localhost:3001","postman-token":"f0636e9c-7601-4686-bcf4-6f0f7252670e","user-agent":"PostmanRuntime/7.43.0"},"level":"info","message":"[Request] GET /api/main/crop-calendar/crops","timestamp":"2025-02-21T03:02:52.256Z"}
{"body":{},"headers":{"accept":"*/*","accept-encoding":"gzip, deflate, br","connection":"keep-alive","cookie":"token=eyJhbGciOiJIUzI1NiIsInR5cCI6IkpXVCJ9.eyJlbWFpbCI6InByYXRpa25pa2F0MDdAZ21haWwuY29tIiwiaWQiOiI2NzU1NGM2ZTlmZDE2ZWY4MGFlOTY4MjgiLCJhY2NvdW50VHlwZSI6ImFkbWluIiwiaWF0IjoxNzQwMDI0MDg3LCJleHAiOjE3NDAxMTA0ODd9.4YqPoF6944ULVgak8-PrVkriVEE6foe58tc4hl3DtWs","host":"localhost:3001","postman-token":"f0636e9c-7601-4686-bcf4-6f0f7252670e","user-agent":"PostmanRuntime/7.43.0"},"level":"debug","message":"Incoming request:","method":"GET","timestamp":"2025-02-21T03:02:52.257Z","url":"/api/main/crop-calendar/crops"}
{"body":{"activities":[{"activityId":"676e1a0abb99137976049e96","importance":"Critical","instructions":"Plow the field to 15cm depth","timing":{"recommendedTime":"Morning","week":1}}],"cropId":"676e19dbbb99137976049e93","expectedOutcomes":{"growth":"Seedling emergence in 5-7 days","signs":["Uniform germination","Healthy green color"]},"growthStage":"Sowing","month":6,"nextMonthPreparation":["Prepare fertilizers","Plan irrigation"],"possibleIssues":[{"preventiveMeasures":["Use quality seeds","Maintain proper depth"],"problem":"Poor germination","solution":"Resow seeds"}],"tips":["Monitor water level","Check for pests"],"weatherConsiderations":{"humidity":"High","idealTemperature":{"max":35,"min":25},"rainfall":"Moderate"}},"headers":{"accept":"*/*","accept-encoding":"gzip, deflate, br","connection":"keep-alive","content-length":"1072","content-type":"application/json","cookie":"token=eyJhbGciOiJIUzI1NiIsInR5cCI6IkpXVCJ9.eyJlbWFpbCI6InByYXRpa25pa2F0MDdAZ21haWwuY29tIiwiaWQiOiI2NzU1NGM2ZTlmZDE2ZWY4MGFlOTY4MjgiLCJhY2NvdW50VHlwZSI6ImFkbWluIiwiaWF0IjoxNzQwMDI0MDg3LCJleHAiOjE3NDAxMTA0ODd9.4YqPoF6944ULVgak8-PrVkriVEE6foe58tc4hl3DtWs","host":"localhost:3001","postman-token":"15cc4f67-2225-4840-8996-f5106786d140","user-agent":"PostmanRuntime/7.43.0"},"level":"info","message":"[Request] GET /api/main/crop-calendar/calendar/676e19dbbb99137976049e93/6","timestamp":"2025-02-21T03:02:55.472Z"}
{"body":{"activities":[{"activityId":"676e1a0abb99137976049e96","importance":"Critical","instructions":"Plow the field to 15cm depth","timing":{"recommendedTime":"Morning","week":1}}],"cropId":"676e19dbbb99137976049e93","expectedOutcomes":{"growth":"Seedling emergence in 5-7 days","signs":["Uniform germination","Healthy green color"]},"growthStage":"Sowing","month":6,"nextMonthPreparation":["Prepare fertilizers","Plan irrigation"],"possibleIssues":[{"preventiveMeasures":["Use quality seeds","Maintain proper depth"],"problem":"Poor germination","solution":"Resow seeds"}],"tips":["Monitor water level","Check for pests"],"weatherConsiderations":{"humidity":"High","idealTemperature":{"max":35,"min":25},"rainfall":"Moderate"}},"headers":{"accept":"*/*","accept-encoding":"gzip, deflate, br","connection":"keep-alive","content-length":"1072","content-type":"application/json","cookie":"token=eyJhbGciOiJIUzI1NiIsInR5cCI6IkpXVCJ9.eyJlbWFpbCI6InByYXRpa25pa2F0MDdAZ21haWwuY29tIiwiaWQiOiI2NzU1NGM2ZTlmZDE2ZWY4MGFlOTY4MjgiLCJhY2NvdW50VHlwZSI6ImFkbWluIiwiaWF0IjoxNzQwMDI0MDg3LCJleHAiOjE3NDAxMTA0ODd9.4YqPoF6944ULVgak8-PrVkriVEE6foe58tc4hl3DtWs","host":"localhost:3001","postman-token":"15cc4f67-2225-4840-8996-f5106786d140","user-agent":"PostmanRuntime/7.43.0"},"level":"debug","message":"Incoming request:","method":"GET","timestamp":"2025-02-21T03:02:55.472Z","url":"/api/main/crop-calendar/calendar/676e19dbbb99137976049e93/6"}
